============================= test session starts ==============================
platform linux -- Python 3.12.13, pytest-9.1.1, pluggy-1.6.0 -- /opt/hostedtoolcache/Python/3.12.13/x64/bin/python
cachedir: .pytest_cache
rootdir: /home/runner/work/FraudShield-AI/FraudShield-AI/apps/api
configfile: pyproject.toml
testpaths: tests
plugins: Faker-40.36.0, anyio-4.14.2, cov-7.1.0, asyncio-1.4.0
asyncio: mode=Mode.AUTO, debug=False, asyncio_default_fixture_loop_scope=None, asyncio_default_test_loop_scope=function
collecting ... collected 17 items

tests/test_auth.py::test_register_success FAILED                         [  5%]
tests/test_auth.py::test_register_duplicate_email ERROR                  [ 11%]
tests/test_auth.py::test_login_success ERROR                             [ 17%]
tests/test_auth.py::test_login_wrong_password ERROR                      [ 23%]
tests/test_auth.py::test_get_me_authenticated ERROR                      [ 29%]
tests/test_transactions.py::test_create_transaction_success ERROR        [ 35%]
tests/test_transactions.py::test_create_transaction_unauthenticated PASSED [ 41%]
tests/test_transactions.py::test_list_transactions ERROR                 [ 47%]
tests/test_transactions.py::test_list_transactions_with_amount_filter ERROR [ 52%]
tests/test_transactions.py::test_get_transaction_detail ERROR            [ 58%]
tests/test_transactions.py::test_customer_cannot_see_other_users_transactions ERROR [ 64%]
tests/test_transactions.py::test_update_status_analyst ERROR             [ 70%]
tests/test_transactions.py::test_customer_cannot_update_status ERROR     [ 76%]
tests/test_transactions.py::test_report_fraud ERROR                      [ 82%]
tests/test_transactions.py::test_get_transaction_stats ERROR             [ 88%]
tests/test_users.py::test_list_users_admin ERROR                         [ 94%]
tests/test_users.py::test_list_users_non_admin_forbidden ERROR           [100%]

==================================== ERRORS ====================================
_______________ ERROR at setup of test_register_duplicate_email ________________

self = <Coroutine test_register_duplicate_email>

    def setup(self) -> None:
        runner_fixture_id = f"_{self._loop_scope}_scoped_runner"
        if runner_fixture_id not in self.fixturenames:
            self.fixturenames.append(runner_fixture_id)
        # When loop factories are configured, resolve the loop factory
        # fixture early so that a factory variant change cascades cache
        # invalidation before any async fixture checks its cache.
        hook_caller = self.config.hook.pytest_asyncio_loop_factories
        if hook_caller.get_hookimpls():
            _ = self._request.getfixturevalue(_asyncio_loop_factory.__name__)
>       return super().setup()
               ^^^^^^^^^^^^^^^

/opt/hostedtoolcache/Python/3.12.13/x64/lib/python3.12/site-packages/pytest_asyncio/plugin.py:558: 
_ _ _ _ _ _ _ _ _ _ _ _ _ _ _ _ _ _ _ _ _ _ _ _ _ _ _ _ _ _ _ _ _ _ _ _ _ _ _ _ 
/opt/hostedtoolcache/Python/3.12.13/x64/lib/python3.12/site-packages/pytest_asyncio/plugin.py:944: in pytest_fixture_setup
    hook_result = yield
                  ^^^^^
/opt/hostedtoolcache/Python/3.12.13/x64/lib/python3.12/site-packages/pytest_asyncio/plugin.py:455: in _async_fixture_wrapper
    result = runner.run(setup(), context=context)
             ^^^^^^^^^^^^^^^^^^^^^^^^^^^^^^^^^^^^
/opt/hostedtoolcache/Python/3.12.13/x64/lib/python3.12/asyncio/runners.py:118: in run
    return self._loop.run_until_complete(task)
           ^^^^^^^^^^^^^^^^^^^^^^^^^^^^^^^^^^^
/opt/hostedtoolcache/Python/3.12.13/x64/lib/python3.12/asyncio/base_events.py:691: in run_until_complete
    return future.result()
           ^^^^^^^^^^^^^^^
/opt/hostedtoolcache/Python/3.12.13/x64/lib/python3.12/site-packages/pytest_asyncio/plugin.py:451: in setup
    res = await fixture_function(*args, **kwargs)
          ^^^^^^^^^^^^^^^^^^^^^^^^^^^^^^^^^^^^^^^
tests/conftest.py:46: in test_user
    hashed_password=hash_password("password123"),
                    ^^^^^^^^^^^^^^^^^^^^^^^^^^^^
app/core/security.py:26: in hash_password
    return pwd_context.hash(password)
           ^^^^^^^^^^^^^^^^^^^^^^^^^^
/opt/hostedtoolcache/Python/3.12.13/x64/lib/python3.12/site-packages/passlib/context.py:2258: in hash
    return record.hash(secret, **kwds)
           ^^^^^^^^^^^^^^^^^^^^^^^^^^^
/opt/hostedtoolcache/Python/3.12.13/x64/lib/python3.12/site-packages/passlib/utils/handlers.py:779: in hash
    self.checksum = self._calc_checksum(secret)
                    ^^^^^^^^^^^^^^^^^^^^^^^^^^^
/opt/hostedtoolcache/Python/3.12.13/x64/lib/python3.12/site-packages/passlib/handlers/bcrypt.py:591: in _calc_checksum
    self._stub_requires_backend()
/opt/hostedtoolcache/Python/3.12.13/x64/lib/python3.12/site-packages/passlib/utils/handlers.py:2254: in _stub_requires_backend
    cls.set_backend()
/opt/hostedtoolcache/Python/3.12.13/x64/lib/python3.12/site-packages/passlib/utils/handlers.py:2156: in set_backend
    return owner.set_backend(name, dryrun=dryrun)
           ^^^^^^^^^^^^^^^^^^^^^^^^^^^^^^^^^^^^^^
/opt/hostedtoolcache/Python/3.12.13/x64/lib/python3.12/site-packages/passlib/utils/handlers.py:2163: in set_backend
    return cls.set_backend(name, dryrun=dryrun)
           ^^^^^^^^^^^^^^^^^^^^^^^^^^^^^^^^^^^^
/opt/hostedtoolcache/Python/3.12.13/x64/lib/python3.12/site-packages/passlib/utils/handlers.py:2188: in set_backend
    cls._set_backend(name, dryrun)
/opt/hostedtoolcache/Python/3.12.13/x64/lib/python3.12/site-packages/passlib/utils/handlers.py:2311: in _set_backend
    super(SubclassBackendMixin, cls)._set_backend(name, dryrun)
/opt/hostedtoolcache/Python/3.12.13/x64/lib/python3.12/site-packages/passlib/utils/handlers.py:2224: in _set_backend
    ok = loader(**kwds)
         ^^^^^^^^^^^^^^
/opt/hostedtoolcache/Python/3.12.13/x64/lib/python3.12/site-packages/passlib/handlers/bcrypt.py:626: in _load_backend_mixin
    return mixin_cls._finalize_backend_mixin(name, dryrun)
           ^^^^^^^^^^^^^^^^^^^^^^^^^^^^^^^^^^^^^^^^^^^^^^^
/opt/hostedtoolcache/Python/3.12.13/x64/lib/python3.12/site-packages/passlib/handlers/bcrypt.py:421: in _finalize_backend_mixin
    if detect_wrap_bug(IDENT_2A):
       ^^^^^^^^^^^^^^^^^^^^^^^^^
/opt/hostedtoolcache/Python/3.12.13/x64/lib/python3.12/site-packages/passlib/handlers/bcrypt.py:380: in detect_wrap_bug
    if verify(secret, bug_hash):
       ^^^^^^^^^^^^^^^^^^^^^^^^
/opt/hostedtoolcache/Python/3.12.13/x64/lib/python3.12/site-packages/passlib/utils/handlers.py:792: in verify
    return consteq(self._calc_checksum(secret), chk)
                   ^^^^^^^^^^^^^^^^^^^^^^^^^^^
_ _ _ _ _ _ _ _ _ _ _ _ _ _ _ _ _ _ _ _ _ _ _ _ _ _ _ _ _ _ _ _ _ _ _ _ _ _ _ _ 

self = <passlib.handlers.bcrypt._BcryptBackend object at 0x7f643748d0d0>
secret = b'01234567890123456789012345678901234567890123456789012345678901234567890123456789012345678901234567890123456789012345...7890123456789012345678901234567890123456789012345678901234567890123456789012345678901234567890123456789012345678901234'

    def _calc_checksum(self, secret):
        # bcrypt behavior:
        #   secret must be bytes
        #   config must be ascii bytes
        #   returns ascii bytes
        secret, ident = self._prepare_digest_args(secret)
        config = self._get_config(ident)
        if isinstance(config, unicode):
            config = config.encode("ascii")
>       hash = _bcrypt.hashpw(secret, config)
               ^^^^^^^^^^^^^^^^^^^^^^^^^^^^^^
E       ValueError: password cannot be longer than 72 bytes, truncate manually if necessary (e.g. my_password[:72])

/opt/hostedtoolcache/Python/3.12.13/x64/lib/python3.12/site-packages/passlib/handlers/bcrypt.py:655: ValueError
_____________________ ERROR at setup of test_login_success _____________________

self = <Coroutine test_login_success>

    def setup(self) -> None:
        runner_fixture_id = f"_{self._loop_scope}_scoped_runner"
        if runner_fixture_id not in self.fixturenames:
            self.fixturenames.append(runner_fixture_id)
        # When loop factories are configured, resolve the loop factory
        # fixture early so that a factory variant change cascades cache
        # invalidation before any async fixture checks its cache.
        hook_caller = self.config.hook.pytest_asyncio_loop_factories
        if hook_caller.get_hookimpls():
            _ = self._request.getfixturevalue(_asyncio_loop_factory.__name__)
>       return super().setup()
               ^^^^^^^^^^^^^^^

/opt/hostedtoolcache/Python/3.12.13/x64/lib/python3.12/site-packages/pytest_asyncio/plugin.py:558: 
_ _ _ _ _ _ _ _ _ _ _ _ _ _ _ _ _ _ _ _ _ _ _ _ _ _ _ _ _ _ _ _ _ _ _ _ _ _ _ _ 
/opt/hostedtoolcache/Python/3.12.13/x64/lib/python3.12/site-packages/pytest_asyncio/plugin.py:944: in pytest_fixture_setup
    hook_result = yield
                  ^^^^^
/opt/hostedtoolcache/Python/3.12.13/x64/lib/python3.12/site-packages/pytest_asyncio/plugin.py:455: in _async_fixture_wrapper
    result = runner.run(setup(), context=context)
             ^^^^^^^^^^^^^^^^^^^^^^^^^^^^^^^^^^^^
/opt/hostedtoolcache/Python/3.12.13/x64/lib/python3.12/asyncio/runners.py:118: in run
    return self._loop.run_until_complete(task)
           ^^^^^^^^^^^^^^^^^^^^^^^^^^^^^^^^^^^
/opt/hostedtoolcache/Python/3.12.13/x64/lib/python3.12/asyncio/base_events.py:691: in run_until_complete
    return future.result()
           ^^^^^^^^^^^^^^^
/opt/hostedtoolcache/Python/3.12.13/x64/lib/python3.12/site-packages/pytest_asyncio/plugin.py:451: in setup
    res = await fixture_function(*args, **kwargs)
          ^^^^^^^^^^^^^^^^^^^^^^^^^^^^^^^^^^^^^^^
tests/conftest.py:46: in test_user
    hashed_password=hash_password("password123"),
                    ^^^^^^^^^^^^^^^^^^^^^^^^^^^^
app/core/security.py:26: in hash_password
    return pwd_context.hash(password)
           ^^^^^^^^^^^^^^^^^^^^^^^^^^
/opt/hostedtoolcache/Python/3.12.13/x64/lib/python3.12/site-packages/passlib/context.py:2258: in hash
    return record.hash(secret, **kwds)
           ^^^^^^^^^^^^^^^^^^^^^^^^^^^
/opt/hostedtoolcache/Python/3.12.13/x64/lib/python3.12/site-packages/passlib/utils/handlers.py:779: in hash
    self.checksum = self._calc_checksum(secret)
                    ^^^^^^^^^^^^^^^^^^^^^^^^^^^
/opt/hostedtoolcache/Python/3.12.13/x64/lib/python3.12/site-packages/passlib/handlers/bcrypt.py:591: in _calc_checksum
    self._stub_requires_backend()
/opt/hostedtoolcache/Python/3.12.13/x64/lib/python3.12/site-packages/passlib/utils/handlers.py:2254: in _stub_requires_backend
    cls.set_backend()
/opt/hostedtoolcache/Python/3.12.13/x64/lib/python3.12/site-packages/passlib/utils/handlers.py:2156: in set_backend
    return owner.set_backend(name, dryrun=dryrun)
           ^^^^^^^^^^^^^^^^^^^^^^^^^^^^^^^^^^^^^^
/opt/hostedtoolcache/Python/3.12.13/x64/lib/python3.12/site-packages/passlib/utils/handlers.py:2163: in set_backend
    return cls.set_backend(name, dryrun=dryrun)
           ^^^^^^^^^^^^^^^^^^^^^^^^^^^^^^^^^^^^
/opt/hostedtoolcache/Python/3.12.13/x64/lib/python3.12/site-packages/passlib/utils/handlers.py:2188: in set_backend
    cls._set_backend(name, dryrun)
/opt/hostedtoolcache/Python/3.12.13/x64/lib/python3.12/site-packages/passlib/utils/handlers.py:2311: in _set_backend
    super(SubclassBackendMixin, cls)._set_backend(name, dryrun)
/opt/hostedtoolcache/Python/3.12.13/x64/lib/python3.12/site-packages/passlib/utils/handlers.py:2224: in _set_backend
    ok = loader(**kwds)
         ^^^^^^^^^^^^^^
/opt/hostedtoolcache/Python/3.12.13/x64/lib/python3.12/site-packages/passlib/handlers/bcrypt.py:626: in _load_backend_mixin
    return mixin_cls._finalize_backend_mixin(name, dryrun)
           ^^^^^^^^^^^^^^^^^^^^^^^^^^^^^^^^^^^^^^^^^^^^^^^
/opt/hostedtoolcache/Python/3.12.13/x64/lib/python3.12/site-packages/passlib/handlers/bcrypt.py:421: in _finalize_backend_mixin
    if detect_wrap_bug(IDENT_2A):
       ^^^^^^^^^^^^^^^^^^^^^^^^^
/opt/hostedtoolcache/Python/3.12.13/x64/lib/python3.12/site-packages/passlib/handlers/bcrypt.py:380: in detect_wrap_bug
    if verify(secret, bug_hash):
       ^^^^^^^^^^^^^^^^^^^^^^^^
/opt/hostedtoolcache/Python/3.12.13/x64/lib/python3.12/site-packages/passlib/utils/handlers.py:792: in verify
    return consteq(self._calc_checksum(secret), chk)
                   ^^^^^^^^^^^^^^^^^^^^^^^^^^^
_ _ _ _ _ _ _ _ _ _ _ _ _ _ _ _ _ _ _ _ _ _ _ _ _ _ _ _ _ _ _ _ _ _ _ _ _ _ _ _ 

self = <passlib.handlers.bcrypt._BcryptBackend object at 0x7f64376dbad0>
secret = b'01234567890123456789012345678901234567890123456789012345678901234567890123456789012345678901234567890123456789012345...7890123456789012345678901234567890123456789012345678901234567890123456789012345678901234567890123456789012345678901234'

    def _calc_checksum(self, secret):
        # bcrypt behavior:
        #   secret must be bytes
        #   config must be ascii bytes
        #   returns ascii bytes
        secret, ident = self._prepare_digest_args(secret)
        config = self._get_config(ident)
        if isinstance(config, unicode):
            config = config.encode("ascii")
>       hash = _bcrypt.hashpw(secret, config)
               ^^^^^^^^^^^^^^^^^^^^^^^^^^^^^^
E       ValueError: password cannot be longer than 72 bytes, truncate manually if necessary (e.g. my_password[:72])

/opt/hostedtoolcache/Python/3.12.13/x64/lib/python3.12/site-packages/passlib/handlers/bcrypt.py:655: ValueError
_________________ ERROR at setup of test_login_wrong_password __________________

self = <Coroutine test_login_wrong_password>

    def setup(self) -> None:
        runner_fixture_id = f"_{self._loop_scope}_scoped_runner"
        if runner_fixture_id not in self.fixturenames:
            self.fixturenames.append(runner_fixture_id)
        # When loop factories are configured, resolve the loop factory
        # fixture early so that a factory variant change cascades cache
        # invalidation before any async fixture checks its cache.
        hook_caller = self.config.hook.pytest_asyncio_loop_factories
        if hook_caller.get_hookimpls():
            _ = self._request.getfixturevalue(_asyncio_loop_factory.__name__)
>       return super().setup()
               ^^^^^^^^^^^^^^^

/opt/hostedtoolcache/Python/3.12.13/x64/lib/python3.12/site-packages/pytest_asyncio/plugin.py:558: 
_ _ _ _ _ _ _ _ _ _ _ _ _ _ _ _ _ _ _ _ _ _ _ _ _ _ _ _ _ _ _ _ _ _ _ _ _ _ _ _ 
/opt/hostedtoolcache/Python/3.12.13/x64/lib/python3.12/site-packages/pytest_asyncio/plugin.py:944: in pytest_fixture_setup
    hook_result = yield
                  ^^^^^
/opt/hostedtoolcache/Python/3.12.13/x64/lib/python3.12/site-packages/pytest_asyncio/plugin.py:455: in _async_fixture_wrapper
    result = runner.run(setup(), context=context)
             ^^^^^^^^^^^^^^^^^^^^^^^^^^^^^^^^^^^^
/opt/hostedtoolcache/Python/3.12.13/x64/lib/python3.12/asyncio/runners.py:118: in run
    return self._loop.run_until_complete(task)
           ^^^^^^^^^^^^^^^^^^^^^^^^^^^^^^^^^^^
/opt/hostedtoolcache/Python/3.12.13/x64/lib/python3.12/asyncio/base_events.py:691: in run_until_complete
    return future.result()
           ^^^^^^^^^^^^^^^
/opt/hostedtoolcache/Python/3.12.13/x64/lib/python3.12/site-packages/pytest_asyncio/plugin.py:451: in setup
    res = await fixture_function(*args, **kwargs)
          ^^^^^^^^^^^^^^^^^^^^^^^^^^^^^^^^^^^^^^^
tests/conftest.py:46: in test_user
    hashed_password=hash_password("password123"),
                    ^^^^^^^^^^^^^^^^^^^^^^^^^^^^
app/core/security.py:26: in hash_password
    return pwd_context.hash(password)
           ^^^^^^^^^^^^^^^^^^^^^^^^^^
/opt/hostedtoolcache/Python/3.12.13/x64/lib/python3.12/site-packages/passlib/context.py:2258: in hash
    return record.hash(secret, **kwds)
           ^^^^^^^^^^^^^^^^^^^^^^^^^^^
/opt/hostedtoolcache/Python/3.12.13/x64/lib/python3.12/site-packages/passlib/utils/handlers.py:779: in hash
    self.checksum = self._calc_checksum(secret)
                    ^^^^^^^^^^^^^^^^^^^^^^^^^^^
/opt/hostedtoolcache/Python/3.12.13/x64/lib/python3.12/site-packages/passlib/handlers/bcrypt.py:591: in _calc_checksum
    self._stub_requires_backend()
/opt/hostedtoolcache/Python/3.12.13/x64/lib/python3.12/site-packages/passlib/utils/handlers.py:2254: in _stub_requires_backend
    cls.set_backend()
/opt/hostedtoolcache/Python/3.12.13/x64/lib/python3.12/site-packages/passlib/utils/handlers.py:2156: in set_backend
    return owner.set_backend(name, dryrun=dryrun)
           ^^^^^^^^^^^^^^^^^^^^^^^^^^^^^^^^^^^^^^
/opt/hostedtoolcache/Python/3.12.13/x64/lib/python3.12/site-packages/passlib/utils/handlers.py:2163: in set_backend
    return cls.set_backend(name, dryrun=dryrun)
           ^^^^^^^^^^^^^^^^^^^^^^^^^^^^^^^^^^^^
/opt/hostedtoolcache/Python/3.12.13/x64/lib/python3.12/site-packages/passlib/utils/handlers.py:2188: in set_backend
    cls._set_backend(name, dryrun)
/opt/hostedtoolcache/Python/3.12.13/x64/lib/python3.12/site-packages/passlib/utils/handlers.py:2311: in _set_backend
    super(SubclassBackendMixin, cls)._set_backend(name, dryrun)
/opt/hostedtoolcache/Python/3.12.13/x64/lib/python3.12/site-packages/passlib/utils/handlers.py:2224: in _set_backend
    ok = loader(**kwds)
         ^^^^^^^^^^^^^^
/opt/hostedtoolcache/Python/3.12.13/x64/lib/python3.12/site-packages/passlib/handlers/bcrypt.py:626: in _load_backend_mixin
    return mixin_cls._finalize_backend_mixin(name, dryrun)
           ^^^^^^^^^^^^^^^^^^^^^^^^^^^^^^^^^^^^^^^^^^^^^^^
/opt/hostedtoolcache/Python/3.12.13/x64/lib/python3.12/site-packages/passlib/handlers/bcrypt.py:421: in _finalize_backend_mixin
    if detect_wrap_bug(IDENT_2A):
       ^^^^^^^^^^^^^^^^^^^^^^^^^
/opt/hostedtoolcache/Python/3.12.13/x64/lib/python3.12/site-packages/passlib/handlers/bcrypt.py:380: in detect_wrap_bug
    if verify(secret, bug_hash):
       ^^^^^^^^^^^^^^^^^^^^^^^^
/opt/hostedtoolcache/Python/3.12.13/x64/lib/python3.12/site-packages/passlib/utils/handlers.py:792: in verify
    return consteq(self._calc_checksum(secret), chk)
                   ^^^^^^^^^^^^^^^^^^^^^^^^^^^
_ _ _ _ _ _ _ _ _ _ _ _ _ _ _ _ _ _ _ _ _ _ _ _ _ _ _ _ _ _ _ _ _ _ _ _ _ _ _ _ 

self = <passlib.handlers.bcrypt._BcryptBackend object at 0x7f6437527020>
secret = b'01234567890123456789012345678901234567890123456789012345678901234567890123456789012345678901234567890123456789012345...7890123456789012345678901234567890123456789012345678901234567890123456789012345678901234567890123456789012345678901234'

    def _calc_checksum(self, secret):
        # bcrypt behavior:
        #   secret must be bytes
        #   config must be ascii bytes
        #   returns ascii bytes
        secret, ident = self._prepare_digest_args(secret)
        config = self._get_config(ident)
        if isinstance(config, unicode):
            config = config.encode("ascii")
>       hash = _bcrypt.hashpw(secret, config)
               ^^^^^^^^^^^^^^^^^^^^^^^^^^^^^^
E       ValueError: password cannot be longer than 72 bytes, truncate manually if necessary (e.g. my_password[:72])

/opt/hostedtoolcache/Python/3.12.13/x64/lib/python3.12/site-packages/passlib/handlers/bcrypt.py:655: ValueError
_________________ ERROR at setup of test_get_me_authenticated __________________

self = <Coroutine test_get_me_authenticated>

    def setup(self) -> None:
        runner_fixture_id = f"_{self._loop_scope}_scoped_runner"
        if runner_fixture_id not in self.fixturenames:
            self.fixturenames.append(runner_fixture_id)
        # When loop factories are configured, resolve the loop factory
        # fixture early so that a factory variant change cascades cache
        # invalidation before any async fixture checks its cache.
        hook_caller = self.config.hook.pytest_asyncio_loop_factories
        if hook_caller.get_hookimpls():
            _ = self._request.getfixturevalue(_asyncio_loop_factory.__name__)
>       return super().setup()
               ^^^^^^^^^^^^^^^

/opt/hostedtoolcache/Python/3.12.13/x64/lib/python3.12/site-packages/pytest_asyncio/plugin.py:558: 
_ _ _ _ _ _ _ _ _ _ _ _ _ _ _ _ _ _ _ _ _ _ _ _ _ _ _ _ _ _ _ _ _ _ _ _ _ _ _ _ 
/opt/hostedtoolcache/Python/3.12.13/x64/lib/python3.12/site-packages/pytest_asyncio/plugin.py:944: in pytest_fixture_setup
    hook_result = yield
                  ^^^^^
/opt/hostedtoolcache/Python/3.12.13/x64/lib/python3.12/site-packages/pytest_asyncio/plugin.py:455: in _async_fixture_wrapper
    result = runner.run(setup(), context=context)
             ^^^^^^^^^^^^^^^^^^^^^^^^^^^^^^^^^^^^
/opt/hostedtoolcache/Python/3.12.13/x64/lib/python3.12/asyncio/runners.py:118: in run
    return self._loop.run_until_complete(task)
           ^^^^^^^^^^^^^^^^^^^^^^^^^^^^^^^^^^^
/opt/hostedtoolcache/Python/3.12.13/x64/lib/python3.12/asyncio/base_events.py:691: in run_until_complete
    return future.result()
           ^^^^^^^^^^^^^^^
/opt/hostedtoolcache/Python/3.12.13/x64/lib/python3.12/site-packages/pytest_asyncio/plugin.py:451: in setup
    res = await fixture_function(*args, **kwargs)
          ^^^^^^^^^^^^^^^^^^^^^^^^^^^^^^^^^^^^^^^
tests/conftest.py:46: in test_user
    hashed_password=hash_password("password123"),
                    ^^^^^^^^^^^^^^^^^^^^^^^^^^^^
app/core/security.py:26: in hash_password
    return pwd_context.hash(password)
           ^^^^^^^^^^^^^^^^^^^^^^^^^^
/opt/hostedtoolcache/Python/3.12.13/x64/lib/python3.12/site-packages/passlib/context.py:2258: in hash
    return record.hash(secret, **kwds)
           ^^^^^^^^^^^^^^^^^^^^^^^^^^^
/opt/hostedtoolcache/Python/3.12.13/x64/lib/python3.12/site-packages/passlib/utils/handlers.py:779: in hash
    self.checksum = self._calc_checksum(secret)
                    ^^^^^^^^^^^^^^^^^^^^^^^^^^^
/opt/hostedtoolcache/Python/3.12.13/x64/lib/python3.12/site-packages/passlib/handlers/bcrypt.py:591: in _calc_checksum
    self._stub_requires_backend()
/opt/hostedtoolcache/Python/3.12.13/x64/lib/python3.12/site-packages/passlib/utils/handlers.py:2254: in _stub_requires_backend
    cls.set_backend()
/opt/hostedtoolcache/Python/3.12.13/x64/lib/python3.12/site-packages/passlib/utils/handlers.py:2156: in set_backend
    return owner.set_backend(name, dryrun=dryrun)
           ^^^^^^^^^^^^^^^^^^^^^^^^^^^^^^^^^^^^^^
/opt/hostedtoolcache/Python/3.12.13/x64/lib/python3.12/site-packages/passlib/utils/handlers.py:2163: in set_backend
    return cls.set_backend(name, dryrun=dryrun)
           ^^^^^^^^^^^^^^^^^^^^^^^^^^^^^^^^^^^^
/opt/hostedtoolcache/Python/3.12.13/x64/lib/python3.12/site-packages/passlib/utils/handlers.py:2188: in set_backend
    cls._set_backend(name, dryrun)
/opt/hostedtoolcache/Python/3.12.13/x64/lib/python3.12/site-packages/passlib/utils/handlers.py:2311: in _set_backend
    super(SubclassBackendMixin, cls)._set_backend(name, dryrun)
/opt/hostedtoolcache/Python/3.12.13/x64/lib/python3.12/site-packages/passlib/utils/handlers.py:2224: in _set_backend
    ok = loader(**kwds)
         ^^^^^^^^^^^^^^
/opt/hostedtoolcache/Python/3.12.13/x64/lib/python3.12/site-packages/passlib/handlers/bcrypt.py:626: in _load_backend_mixin
    return mixin_cls._finalize_backend_mixin(name, dryrun)
           ^^^^^^^^^^^^^^^^^^^^^^^^^^^^^^^^^^^^^^^^^^^^^^^
/opt/hostedtoolcache/Python/3.12.13/x64/lib/python3.12/site-packages/passlib/handlers/bcrypt.py:421: in _finalize_backend_mixin
    if detect_wrap_bug(IDENT_2A):
       ^^^^^^^^^^^^^^^^^^^^^^^^^
/opt/hostedtoolcache/Python/3.12.13/x64/lib/python3.12/site-packages/passlib/handlers/bcrypt.py:380: in detect_wrap_bug
    if verify(secret, bug_hash):
       ^^^^^^^^^^^^^^^^^^^^^^^^
/opt/hostedtoolcache/Python/3.12.13/x64/lib/python3.12/site-packages/passlib/utils/handlers.py:792: in verify
    return consteq(self._calc_checksum(secret), chk)
                   ^^^^^^^^^^^^^^^^^^^^^^^^^^^
_ _ _ _ _ _ _ _ _ _ _ _ _ _ _ _ _ _ _ _ _ _ _ _ _ _ _ _ _ _ _ _ _ _ _ _ _ _ _ _ 

self = <passlib.handlers.bcrypt._BcryptBackend object at 0x7f6437525d00>
secret = b'01234567890123456789012345678901234567890123456789012345678901234567890123456789012345678901234567890123456789012345...7890123456789012345678901234567890123456789012345678901234567890123456789012345678901234567890123456789012345678901234'

    def _calc_checksum(self, secret):
        # bcrypt behavior:
        #   secret must be bytes
        #   config must be ascii bytes
        #   returns ascii bytes
        secret, ident = self._prepare_digest_args(secret)
        config = self._get_config(ident)
        if isinstance(config, unicode):
            config = config.encode("ascii")
>       hash = _bcrypt.hashpw(secret, config)
               ^^^^^^^^^^^^^^^^^^^^^^^^^^^^^^
E       ValueError: password cannot be longer than 72 bytes, truncate manually if necessary (e.g. my_password[:72])

/opt/hostedtoolcache/Python/3.12.13/x64/lib/python3.12/site-packages/passlib/handlers/bcrypt.py:655: ValueError
______________ ERROR at setup of test_create_transaction_success _______________

self = <Coroutine test_create_transaction_success>

    def setup(self) -> None:
        runner_fixture_id = f"_{self._loop_scope}_scoped_runner"
        if runner_fixture_id not in self.fixturenames:
            self.fixturenames.append(runner_fixture_id)
        # When loop factories are configured, resolve the loop factory
        # fixture early so that a factory variant change cascades cache
        # invalidation before any async fixture checks its cache.
        hook_caller = self.config.hook.pytest_asyncio_loop_factories
        if hook_caller.get_hookimpls():
            _ = self._request.getfixturevalue(_asyncio_loop_factory.__name__)
>       return super().setup()
               ^^^^^^^^^^^^^^^

/opt/hostedtoolcache/Python/3.12.13/x64/lib/python3.12/site-packages/pytest_asyncio/plugin.py:558: 
_ _ _ _ _ _ _ _ _ _ _ _ _ _ _ _ _ _ _ _ _ _ _ _ _ _ _ _ _ _ _ _ _ _ _ _ _ _ _ _ 
/opt/hostedtoolcache/Python/3.12.13/x64/lib/python3.12/site-packages/pytest_asyncio/plugin.py:944: in pytest_fixture_setup
    hook_result = yield
                  ^^^^^
/opt/hostedtoolcache/Python/3.12.13/x64/lib/python3.12/site-packages/pytest_asyncio/plugin.py:455: in _async_fixture_wrapper
    result = runner.run(setup(), context=context)
             ^^^^^^^^^^^^^^^^^^^^^^^^^^^^^^^^^^^^
/opt/hostedtoolcache/Python/3.12.13/x64/lib/python3.12/asyncio/runners.py:118: in run
    return self._loop.run_until_complete(task)
           ^^^^^^^^^^^^^^^^^^^^^^^^^^^^^^^^^^^
/opt/hostedtoolcache/Python/3.12.13/x64/lib/python3.12/asyncio/base_events.py:691: in run_until_complete
    return future.result()
           ^^^^^^^^^^^^^^^
/opt/hostedtoolcache/Python/3.12.13/x64/lib/python3.12/site-packages/pytest_asyncio/plugin.py:451: in setup
    res = await fixture_function(*args, **kwargs)
          ^^^^^^^^^^^^^^^^^^^^^^^^^^^^^^^^^^^^^^^
tests/conftest.py:46: in test_user
    hashed_password=hash_password("password123"),
                    ^^^^^^^^^^^^^^^^^^^^^^^^^^^^
app/core/security.py:26: in hash_password
    return pwd_context.hash(password)
           ^^^^^^^^^^^^^^^^^^^^^^^^^^
/opt/hostedtoolcache/Python/3.12.13/x64/lib/python3.12/site-packages/passlib/context.py:2258: in hash
    return record.hash(secret, **kwds)
           ^^^^^^^^^^^^^^^^^^^^^^^^^^^
/opt/hostedtoolcache/Python/3.12.13/x64/lib/python3.12/site-packages/passlib/utils/handlers.py:779: in hash
    self.checksum = self._calc_checksum(secret)
                    ^^^^^^^^^^^^^^^^^^^^^^^^^^^
/opt/hostedtoolcache/Python/3.12.13/x64/lib/python3.12/site-packages/passlib/handlers/bcrypt.py:591: in _calc_checksum
    self._stub_requires_backend()
/opt/hostedtoolcache/Python/3.12.13/x64/lib/python3.12/site-packages/passlib/utils/handlers.py:2254: in _stub_requires_backend
    cls.set_backend()
/opt/hostedtoolcache/Python/3.12.13/x64/lib/python3.12/site-packages/passlib/utils/handlers.py:2156: in set_backend
    return owner.set_backend(name, dryrun=dryrun)
           ^^^^^^^^^^^^^^^^^^^^^^^^^^^^^^^^^^^^^^
/opt/hostedtoolcache/Python/3.12.13/x64/lib/python3.12/site-packages/passlib/utils/handlers.py:2163: in set_backend
    return cls.set_backend(name, dryrun=dryrun)
           ^^^^^^^^^^^^^^^^^^^^^^^^^^^^^^^^^^^^
/opt/hostedtoolcache/Python/3.12.13/x64/lib/python3.12/site-packages/passlib/utils/handlers.py:2188: in set_backend
    cls._set_backend(name, dryrun)
/opt/hostedtoolcache/Python/3.12.13/x64/lib/python3.12/site-packages/passlib/utils/handlers.py:2311: in _set_backend
    super(SubclassBackendMixin, cls)._set_backend(name, dryrun)
/opt/hostedtoolcache/Python/3.12.13/x64/lib/python3.12/site-packages/passlib/utils/handlers.py:2224: in _set_backend
    ok = loader(**kwds)
         ^^^^^^^^^^^^^^
/opt/hostedtoolcache/Python/3.12.13/x64/lib/python3.12/site-packages/passlib/handlers/bcrypt.py:626: in _load_backend_mixin
    return mixin_cls._finalize_backend_mixin(name, dryrun)
           ^^^^^^^^^^^^^^^^^^^^^^^^^^^^^^^^^^^^^^^^^^^^^^^
/opt/hostedtoolcache/Python/3.12.13/x64/lib/python3.12/site-packages/passlib/handlers/bcrypt.py:421: in _finalize_backend_mixin
    if detect_wrap_bug(IDENT_2A):
       ^^^^^^^^^^^^^^^^^^^^^^^^^
/opt/hostedtoolcache/Python/3.12.13/x64/lib/python3.12/site-packages/passlib/handlers/bcrypt.py:380: in detect_wrap_bug
    if verify(secret, bug_hash):
       ^^^^^^^^^^^^^^^^^^^^^^^^
/opt/hostedtoolcache/Python/3.12.13/x64/lib/python3.12/site-packages/passlib/utils/handlers.py:792: in verify
    return consteq(self._calc_checksum(secret), chk)
                   ^^^^^^^^^^^^^^^^^^^^^^^^^^^
_ _ _ _ _ _ _ _ _ _ _ _ _ _ _ _ _ _ _ _ _ _ _ _ _ _ _ _ _ _ _ _ _ _ _ _ _ _ _ _ 

self = <passlib.handlers.bcrypt._BcryptBackend object at 0x7f64376d8530>
secret = b'01234567890123456789012345678901234567890123456789012345678901234567890123456789012345678901234567890123456789012345...7890123456789012345678901234567890123456789012345678901234567890123456789012345678901234567890123456789012345678901234'

    def _calc_checksum(self, secret):
        # bcrypt behavior:
        #   secret must be bytes
        #   config must be ascii bytes
        #   returns ascii bytes
        secret, ident = self._prepare_digest_args(secret)
        config = self._get_config(ident)
        if isinstance(config, unicode):
            config = config.encode("ascii")
>       hash = _bcrypt.hashpw(secret, config)
               ^^^^^^^^^^^^^^^^^^^^^^^^^^^^^^
E       ValueError: password cannot be longer than 72 bytes, truncate manually if necessary (e.g. my_password[:72])

/opt/hostedtoolcache/Python/3.12.13/x64/lib/python3.12/site-packages/passlib/handlers/bcrypt.py:655: ValueError
___________________ ERROR at setup of test_list_transactions ___________________

self = <Coroutine test_list_transactions>

    def setup(self) -> None:
        runner_fixture_id = f"_{self._loop_scope}_scoped_runner"
        if runner_fixture_id not in self.fixturenames:
            self.fixturenames.append(runner_fixture_id)
        # When loop factories are configured, resolve the loop factory
        # fixture early so that a factory variant change cascades cache
        # invalidation before any async fixture checks its cache.
        hook_caller = self.config.hook.pytest_asyncio_loop_factories
        if hook_caller.get_hookimpls():
            _ = self._request.getfixturevalue(_asyncio_loop_factory.__name__)
>       return super().setup()
               ^^^^^^^^^^^^^^^

/opt/hostedtoolcache/Python/3.12.13/x64/lib/python3.12/site-packages/pytest_asyncio/plugin.py:558: 
_ _ _ _ _ _ _ _ _ _ _ _ _ _ _ _ _ _ _ _ _ _ _ _ _ _ _ _ _ _ _ _ _ _ _ _ _ _ _ _ 
/opt/hostedtoolcache/Python/3.12.13/x64/lib/python3.12/site-packages/pytest_asyncio/plugin.py:944: in pytest_fixture_setup
    hook_result = yield
                  ^^^^^
/opt/hostedtoolcache/Python/3.12.13/x64/lib/python3.12/site-packages/pytest_asyncio/plugin.py:455: in _async_fixture_wrapper
    result = runner.run(setup(), context=context)
             ^^^^^^^^^^^^^^^^^^^^^^^^^^^^^^^^^^^^
/opt/hostedtoolcache/Python/3.12.13/x64/lib/python3.12/asyncio/runners.py:118: in run
    return self._loop.run_until_complete(task)
           ^^^^^^^^^^^^^^^^^^^^^^^^^^^^^^^^^^^
/opt/hostedtoolcache/Python/3.12.13/x64/lib/python3.12/asyncio/base_events.py:691: in run_until_complete
    return future.result()
           ^^^^^^^^^^^^^^^
/opt/hostedtoolcache/Python/3.12.13/x64/lib/python3.12/site-packages/pytest_asyncio/plugin.py:451: in setup
    res = await fixture_function(*args, **kwargs)
          ^^^^^^^^^^^^^^^^^^^^^^^^^^^^^^^^^^^^^^^
tests/conftest.py:46: in test_user
    hashed_password=hash_password("password123"),
                    ^^^^^^^^^^^^^^^^^^^^^^^^^^^^
app/core/security.py:26: in hash_password
    return pwd_context.hash(password)
           ^^^^^^^^^^^^^^^^^^^^^^^^^^
/opt/hostedtoolcache/Python/3.12.13/x64/lib/python3.12/site-packages/passlib/context.py:2258: in hash
    return record.hash(secret, **kwds)
           ^^^^^^^^^^^^^^^^^^^^^^^^^^^
/opt/hostedtoolcache/Python/3.12.13/x64/lib/python3.12/site-packages/passlib/utils/handlers.py:779: in hash
    self.checksum = self._calc_checksum(secret)
                    ^^^^^^^^^^^^^^^^^^^^^^^^^^^
/opt/hostedtoolcache/Python/3.12.13/x64/lib/python3.12/site-packages/passlib/handlers/bcrypt.py:591: in _calc_checksum
    self._stub_requires_backend()
/opt/hostedtoolcache/Python/3.12.13/x64/lib/python3.12/site-packages/passlib/utils/handlers.py:2254: in _stub_requires_backend
    cls.set_backend()
/opt/hostedtoolcache/Python/3.12.13/x64/lib/python3.12/site-packages/passlib/utils/handlers.py:2156: in set_backend
    return owner.set_backend(name, dryrun=dryrun)
           ^^^^^^^^^^^^^^^^^^^^^^^^^^^^^^^^^^^^^^
/opt/hostedtoolcache/Python/3.12.13/x64/lib/python3.12/site-packages/passlib/utils/handlers.py:2163: in set_backend
    return cls.set_backend(name, dryrun=dryrun)
           ^^^^^^^^^^^^^^^^^^^^^^^^^^^^^^^^^^^^
/opt/hostedtoolcache/Python/3.12.13/x64/lib/python3.12/site-packages/passlib/utils/handlers.py:2188: in set_backend
    cls._set_backend(name, dryrun)
/opt/hostedtoolcache/Python/3.12.13/x64/lib/python3.12/site-packages/passlib/utils/handlers.py:2311: in _set_backend
    super(SubclassBackendMixin, cls)._set_backend(name, dryrun)
/opt/hostedtoolcache/Python/3.12.13/x64/lib/python3.12/site-packages/passlib/utils/handlers.py:2224: in _set_backend
    ok = loader(**kwds)
         ^^^^^^^^^^^^^^
/opt/hostedtoolcache/Python/3.12.13/x64/lib/python3.12/site-packages/passlib/handlers/bcrypt.py:626: in _load_backend_mixin
    return mixin_cls._finalize_backend_mixin(name, dryrun)
           ^^^^^^^^^^^^^^^^^^^^^^^^^^^^^^^^^^^^^^^^^^^^^^^
/opt/hostedtoolcache/Python/3.12.13/x64/lib/python3.12/site-packages/passlib/handlers/bcrypt.py:421: in _finalize_backend_mixin
    if detect_wrap_bug(IDENT_2A):
       ^^^^^^^^^^^^^^^^^^^^^^^^^
/opt/hostedtoolcache/Python/3.12.13/x64/lib/python3.12/site-packages/passlib/handlers/bcrypt.py:380: in detect_wrap_bug
    if verify(secret, bug_hash):
       ^^^^^^^^^^^^^^^^^^^^^^^^
/opt/hostedtoolcache/Python/3.12.13/x64/lib/python3.12/site-packages/passlib/utils/handlers.py:792: in verify
    return consteq(self._calc_checksum(secret), chk)
                   ^^^^^^^^^^^^^^^^^^^^^^^^^^^
_ _ _ _ _ _ _ _ _ _ _ _ _ _ _ _ _ _ _ _ _ _ _ _ _ _ _ _ _ _ _ _ _ _ _ _ _ _ _ _ 

self = <passlib.handlers.bcrypt._BcryptBackend object at 0x7f642ffca3f0>
secret = b'01234567890123456789012345678901234567890123456789012345678901234567890123456789012345678901234567890123456789012345...7890123456789012345678901234567890123456789012345678901234567890123456789012345678901234567890123456789012345678901234'

    def _calc_checksum(self, secret):
        # bcrypt behavior:
        #   secret must be bytes
        #   config must be ascii bytes
        #   returns ascii bytes
        secret, ident = self._prepare_digest_args(secret)
        config = self._get_config(ident)
        if isinstance(config, unicode):
            config = config.encode("ascii")
>       hash = _bcrypt.hashpw(secret, config)
               ^^^^^^^^^^^^^^^^^^^^^^^^^^^^^^
E       ValueError: password cannot be longer than 72 bytes, truncate manually if necessary (e.g. my_password[:72])

/opt/hostedtoolcache/Python/3.12.13/x64/lib/python3.12/site-packages/passlib/handlers/bcrypt.py:655: ValueError
_________ ERROR at setup of test_list_transactions_with_amount_filter __________

self = <Coroutine test_list_transactions_with_amount_filter>

    def setup(self) -> None:
        runner_fixture_id = f"_{self._loop_scope}_scoped_runner"
        if runner_fixture_id not in self.fixturenames:
            self.fixturenames.append(runner_fixture_id)
        # When loop factories are configured, resolve the loop factory
        # fixture early so that a factory variant change cascades cache
        # invalidation before any async fixture checks its cache.
        hook_caller = self.config.hook.pytest_asyncio_loop_factories
        if hook_caller.get_hookimpls():
            _ = self._request.getfixturevalue(_asyncio_loop_factory.__name__)
>       return super().setup()
               ^^^^^^^^^^^^^^^

/opt/hostedtoolcache/Python/3.12.13/x64/lib/python3.12/site-packages/pytest_asyncio/plugin.py:558: 
_ _ _ _ _ _ _ _ _ _ _ _ _ _ _ _ _ _ _ _ _ _ _ _ _ _ _ _ _ _ _ _ _ _ _ _ _ _ _ _ 
/opt/hostedtoolcache/Python/3.12.13/x64/lib/python3.12/site-packages/pytest_asyncio/plugin.py:944: in pytest_fixture_setup
    hook_result = yield
                  ^^^^^
/opt/hostedtoolcache/Python/3.12.13/x64/lib/python3.12/site-packages/pytest_asyncio/plugin.py:455: in _async_fixture_wrapper
    result = runner.run(setup(), context=context)
             ^^^^^^^^^^^^^^^^^^^^^^^^^^^^^^^^^^^^
/opt/hostedtoolcache/Python/3.12.13/x64/lib/python3.12/asyncio/runners.py:118: in run
    return self._loop.run_until_complete(task)
           ^^^^^^^^^^^^^^^^^^^^^^^^^^^^^^^^^^^
/opt/hostedtoolcache/Python/3.12.13/x64/lib/python3.12/asyncio/base_events.py:691: in run_until_complete
    return future.result()
           ^^^^^^^^^^^^^^^
/opt/hostedtoolcache/Python/3.12.13/x64/lib/python3.12/site-packages/pytest_asyncio/plugin.py:451: in setup
    res = await fixture_function(*args, **kwargs)
          ^^^^^^^^^^^^^^^^^^^^^^^^^^^^^^^^^^^^^^^
tests/conftest.py:46: in test_user
    hashed_password=hash_password("password123"),
                    ^^^^^^^^^^^^^^^^^^^^^^^^^^^^
app/core/security.py:26: in hash_password
    return pwd_context.hash(password)
           ^^^^^^^^^^^^^^^^^^^^^^^^^^
/opt/hostedtoolcache/Python/3.12.13/x64/lib/python3.12/site-packages/passlib/context.py:2258: in hash
    return record.hash(secret, **kwds)
           ^^^^^^^^^^^^^^^^^^^^^^^^^^^
/opt/hostedtoolcache/Python/3.12.13/x64/lib/python3.12/site-packages/passlib/utils/handlers.py:779: in hash
    self.checksum = self._calc_checksum(secret)
                    ^^^^^^^^^^^^^^^^^^^^^^^^^^^
/opt/hostedtoolcache/Python/3.12.13/x64/lib/python3.12/site-packages/passlib/handlers/bcrypt.py:591: in _calc_checksum
    self._stub_requires_backend()
/opt/hostedtoolcache/Python/3.12.13/x64/lib/python3.12/site-packages/passlib/utils/handlers.py:2254: in _stub_requires_backend
    cls.set_backend()
/opt/hostedtoolcache/Python/3.12.13/x64/lib/python3.12/site-packages/passlib/utils/handlers.py:2156: in set_backend
    return owner.set_backend(name, dryrun=dryrun)
           ^^^^^^^^^^^^^^^^^^^^^^^^^^^^^^^^^^^^^^
/opt/hostedtoolcache/Python/3.12.13/x64/lib/python3.12/site-packages/passlib/utils/handlers.py:2163: in set_backend
    return cls.set_backend(name, dryrun=dryrun)
           ^^^^^^^^^^^^^^^^^^^^^^^^^^^^^^^^^^^^
/opt/hostedtoolcache/Python/3.12.13/x64/lib/python3.12/site-packages/passlib/utils/handlers.py:2188: in set_backend
    cls._set_backend(name, dryrun)
/opt/hostedtoolcache/Python/3.12.13/x64/lib/python3.12/site-packages/passlib/utils/handlers.py:2311: in _set_backend
    super(SubclassBackendMixin, cls)._set_backend(name, dryrun)
/opt/hostedtoolcache/Python/3.12.13/x64/lib/python3.12/site-packages/passlib/utils/handlers.py:2224: in _set_backend
    ok = loader(**kwds)
         ^^^^^^^^^^^^^^
/opt/hostedtoolcache/Python/3.12.13/x64/lib/python3.12/site-packages/passlib/handlers/bcrypt.py:626: in _load_backend_mixin
    return mixin_cls._finalize_backend_mixin(name, dryrun)
           ^^^^^^^^^^^^^^^^^^^^^^^^^^^^^^^^^^^^^^^^^^^^^^^
/opt/hostedtoolcache/Python/3.12.13/x64/lib/python3.12/site-packages/passlib/handlers/bcrypt.py:421: in _finalize_backend_mixin
    if detect_wrap_bug(IDENT_2A):
       ^^^^^^^^^^^^^^^^^^^^^^^^^
/opt/hostedtoolcache/Python/3.12.13/x64/lib/python3.12/site-packages/passlib/handlers/bcrypt.py:380: in detect_wrap_bug
    if verify(secret, bug_hash):
       ^^^^^^^^^^^^^^^^^^^^^^^^
/opt/hostedtoolcache/Python/3.12.13/x64/lib/python3.12/site-packages/passlib/utils/handlers.py:792: in verify
    return consteq(self._calc_checksum(secret), chk)
                   ^^^^^^^^^^^^^^^^^^^^^^^^^^^
_ _ _ _ _ _ _ _ _ _ _ _ _ _ _ _ _ _ _ _ _ _ _ _ _ _ _ _ _ _ _ _ _ _ _ _ _ _ _ _ 

self = <passlib.handlers.bcrypt._BcryptBackend object at 0x7f642ffd7b00>
secret = b'01234567890123456789012345678901234567890123456789012345678901234567890123456789012345678901234567890123456789012345...7890123456789012345678901234567890123456789012345678901234567890123456789012345678901234567890123456789012345678901234'

    def _calc_checksum(self, secret):
        # bcrypt behavior:
        #   secret must be bytes
        #   config must be ascii bytes
        #   returns ascii bytes
        secret, ident = self._prepare_digest_args(secret)
        config = self._get_config(ident)
        if isinstance(config, unicode):
            config = config.encode("ascii")
>       hash = _bcrypt.hashpw(secret, config)
               ^^^^^^^^^^^^^^^^^^^^^^^^^^^^^^
E       ValueError: password cannot be longer than 72 bytes, truncate manually if necessary (e.g. my_password[:72])

/opt/hostedtoolcache/Python/3.12.13/x64/lib/python3.12/site-packages/passlib/handlers/bcrypt.py:655: ValueError
________________ ERROR at setup of test_get_transaction_detail _________________

self = <Coroutine test_get_transaction_detail>

    def setup(self) -> None:
        runner_fixture_id = f"_{self._loop_scope}_scoped_runner"
        if runner_fixture_id not in self.fixturenames:
            self.fixturenames.append(runner_fixture_id)
        # When loop factories are configured, resolve the loop factory
        # fixture early so that a factory variant change cascades cache
        # invalidation before any async fixture checks its cache.
        hook_caller = self.config.hook.pytest_asyncio_loop_factories
        if hook_caller.get_hookimpls():
            _ = self._request.getfixturevalue(_asyncio_loop_factory.__name__)
>       return super().setup()
               ^^^^^^^^^^^^^^^

/opt/hostedtoolcache/Python/3.12.13/x64/lib/python3.12/site-packages/pytest_asyncio/plugin.py:558: 
_ _ _ _ _ _ _ _ _ _ _ _ _ _ _ _ _ _ _ _ _ _ _ _ _ _ _ _ _ _ _ _ _ _ _ _ _ _ _ _ 
/opt/hostedtoolcache/Python/3.12.13/x64/lib/python3.12/site-packages/pytest_asyncio/plugin.py:944: in pytest_fixture_setup
    hook_result = yield
                  ^^^^^
/opt/hostedtoolcache/Python/3.12.13/x64/lib/python3.12/site-packages/pytest_asyncio/plugin.py:455: in _async_fixture_wrapper
    result = runner.run(setup(), context=context)
             ^^^^^^^^^^^^^^^^^^^^^^^^^^^^^^^^^^^^
/opt/hostedtoolcache/Python/3.12.13/x64/lib/python3.12/asyncio/runners.py:118: in run
    return self._loop.run_until_complete(task)
           ^^^^^^^^^^^^^^^^^^^^^^^^^^^^^^^^^^^
/opt/hostedtoolcache/Python/3.12.13/x64/lib/python3.12/asyncio/base_events.py:691: in run_until_complete
    return future.result()
           ^^^^^^^^^^^^^^^
/opt/hostedtoolcache/Python/3.12.13/x64/lib/python3.12/site-packages/pytest_asyncio/plugin.py:451: in setup
    res = await fixture_function(*args, **kwargs)
          ^^^^^^^^^^^^^^^^^^^^^^^^^^^^^^^^^^^^^^^
tests/conftest.py:46: in test_user
    hashed_password=hash_password("password123"),
                    ^^^^^^^^^^^^^^^^^^^^^^^^^^^^
app/core/security.py:26: in hash_password
    return pwd_context.hash(password)
           ^^^^^^^^^^^^^^^^^^^^^^^^^^
/opt/hostedtoolcache/Python/3.12.13/x64/lib/python3.12/site-packages/passlib/context.py:2258: in hash
    return record.hash(secret, **kwds)
           ^^^^^^^^^^^^^^^^^^^^^^^^^^^
/opt/hostedtoolcache/Python/3.12.13/x64/lib/python3.12/site-packages/passlib/utils/handlers.py:779: in hash
    self.checksum = self._calc_checksum(secret)
                    ^^^^^^^^^^^^^^^^^^^^^^^^^^^
/opt/hostedtoolcache/Python/3.12.13/x64/lib/python3.12/site-packages/passlib/handlers/bcrypt.py:591: in _calc_checksum
    self._stub_requires_backend()
/opt/hostedtoolcache/Python/3.12.13/x64/lib/python3.12/site-packages/passlib/utils/handlers.py:2254: in _stub_requires_backend
    cls.set_backend()
/opt/hostedtoolcache/Python/3.12.13/x64/lib/python3.12/site-packages/passlib/utils/handlers.py:2156: in set_backend
    return owner.set_backend(name, dryrun=dryrun)
           ^^^^^^^^^^^^^^^^^^^^^^^^^^^^^^^^^^^^^^
/opt/hostedtoolcache/Python/3.12.13/x64/lib/python3.12/site-packages/passlib/utils/handlers.py:2163: in set_backend
    return cls.set_backend(name, dryrun=dryrun)
           ^^^^^^^^^^^^^^^^^^^^^^^^^^^^^^^^^^^^
/opt/hostedtoolcache/Python/3.12.13/x64/lib/python3.12/site-packages/passlib/utils/handlers.py:2188: in set_backend
    cls._set_backend(name, dryrun)
/opt/hostedtoolcache/Python/3.12.13/x64/lib/python3.12/site-packages/passlib/utils/handlers.py:2311: in _set_backend
    super(SubclassBackendMixin, cls)._set_backend(name, dryrun)
/opt/hostedtoolcache/Python/3.12.13/x64/lib/python3.12/site-packages/passlib/utils/handlers.py:2224: in _set_backend
    ok = loader(**kwds)
         ^^^^^^^^^^^^^^
/opt/hostedtoolcache/Python/3.12.13/x64/lib/python3.12/site-packages/passlib/handlers/bcrypt.py:626: in _load_backend_mixin
    return mixin_cls._finalize_backend_mixin(name, dryrun)
           ^^^^^^^^^^^^^^^^^^^^^^^^^^^^^^^^^^^^^^^^^^^^^^^
/opt/hostedtoolcache/Python/3.12.13/x64/lib/python3.12/site-packages/passlib/handlers/bcrypt.py:421: in _finalize_backend_mixin
    if detect_wrap_bug(IDENT_2A):
       ^^^^^^^^^^^^^^^^^^^^^^^^^
/opt/hostedtoolcache/Python/3.12.13/x64/lib/python3.12/site-packages/passlib/handlers/bcrypt.py:380: in detect_wrap_bug
    if verify(secret, bug_hash):
       ^^^^^^^^^^^^^^^^^^^^^^^^
/opt/hostedtoolcache/Python/3.12.13/x64/lib/python3.12/site-packages/passlib/utils/handlers.py:792: in verify
    return consteq(self._calc_checksum(secret), chk)
                   ^^^^^^^^^^^^^^^^^^^^^^^^^^^
_ _ _ _ _ _ _ _ _ _ _ _ _ _ _ _ _ _ _ _ _ _ _ _ _ _ _ _ _ _ _ _ _ _ _ _ _ _ _ _ 

self = <passlib.handlers.bcrypt._BcryptBackend object at 0x7f642ffd60f0>
secret = b'01234567890123456789012345678901234567890123456789012345678901234567890123456789012345678901234567890123456789012345...7890123456789012345678901234567890123456789012345678901234567890123456789012345678901234567890123456789012345678901234'

    def _calc_checksum(self, secret):
        # bcrypt behavior:
        #   secret must be bytes
        #   config must be ascii bytes
        #   returns ascii bytes
        secret, ident = self._prepare_digest_args(secret)
        config = self._get_config(ident)
        if isinstance(config, unicode):
            config = config.encode("ascii")
>       hash = _bcrypt.hashpw(secret, config)
               ^^^^^^^^^^^^^^^^^^^^^^^^^^^^^^
E       ValueError: password cannot be longer than 72 bytes, truncate manually if necessary (e.g. my_password[:72])

/opt/hostedtoolcache/Python/3.12.13/x64/lib/python3.12/site-packages/passlib/handlers/bcrypt.py:655: ValueError
_____ ERROR at setup of test_customer_cannot_see_other_users_transactions ______

self = <Coroutine test_customer_cannot_see_other_users_transactions>

    def setup(self) -> None:
        runner_fixture_id = f"_{self._loop_scope}_scoped_runner"
        if runner_fixture_id not in self.fixturenames:
            self.fixturenames.append(runner_fixture_id)
        # When loop factories are configured, resolve the loop factory
        # fixture early so that a factory variant change cascades cache
        # invalidation before any async fixture checks its cache.
        hook_caller = self.config.hook.pytest_asyncio_loop_factories
        if hook_caller.get_hookimpls():
            _ = self._request.getfixturevalue(_asyncio_loop_factory.__name__)
>       return super().setup()
               ^^^^^^^^^^^^^^^

/opt/hostedtoolcache/Python/3.12.13/x64/lib/python3.12/site-packages/pytest_asyncio/plugin.py:558: 
_ _ _ _ _ _ _ _ _ _ _ _ _ _ _ _ _ _ _ _ _ _ _ _ _ _ _ _ _ _ _ _ _ _ _ _ _ _ _ _ 
/opt/hostedtoolcache/Python/3.12.13/x64/lib/python3.12/site-packages/pytest_asyncio/plugin.py:944: in pytest_fixture_setup
    hook_result = yield
                  ^^^^^
/opt/hostedtoolcache/Python/3.12.13/x64/lib/python3.12/site-packages/pytest_asyncio/plugin.py:455: in _async_fixture_wrapper
    result = runner.run(setup(), context=context)
             ^^^^^^^^^^^^^^^^^^^^^^^^^^^^^^^^^^^^
/opt/hostedtoolcache/Python/3.12.13/x64/lib/python3.12/asyncio/runners.py:118: in run
    return self._loop.run_until_complete(task)
           ^^^^^^^^^^^^^^^^^^^^^^^^^^^^^^^^^^^
/opt/hostedtoolcache/Python/3.12.13/x64/lib/python3.12/asyncio/base_events.py:691: in run_until_complete
    return future.result()
           ^^^^^^^^^^^^^^^
/opt/hostedtoolcache/Python/3.12.13/x64/lib/python3.12/site-packages/pytest_asyncio/plugin.py:451: in setup
    res = await fixture_function(*args, **kwargs)
          ^^^^^^^^^^^^^^^^^^^^^^^^^^^^^^^^^^^^^^^
tests/conftest.py:46: in test_user
    hashed_password=hash_password("password123"),
                    ^^^^^^^^^^^^^^^^^^^^^^^^^^^^
app/core/security.py:26: in hash_password
    return pwd_context.hash(password)
           ^^^^^^^^^^^^^^^^^^^^^^^^^^
/opt/hostedtoolcache/Python/3.12.13/x64/lib/python3.12/site-packages/passlib/context.py:2258: in hash
    return record.hash(secret, **kwds)
           ^^^^^^^^^^^^^^^^^^^^^^^^^^^
/opt/hostedtoolcache/Python/3.12.13/x64/lib/python3.12/site-packages/passlib/utils/handlers.py:779: in hash
    self.checksum = self._calc_checksum(secret)
                    ^^^^^^^^^^^^^^^^^^^^^^^^^^^
/opt/hostedtoolcache/Python/3.12.13/x64/lib/python3.12/site-packages/passlib/handlers/bcrypt.py:591: in _calc_checksum
    self._stub_requires_backend()
/opt/hostedtoolcache/Python/3.12.13/x64/lib/python3.12/site-packages/passlib/utils/handlers.py:2254: in _stub_requires_backend
    cls.set_backend()
/opt/hostedtoolcache/Python/3.12.13/x64/lib/python3.12/site-packages/passlib/utils/handlers.py:2156: in set_backend
    return owner.set_backend(name, dryrun=dryrun)
           ^^^^^^^^^^^^^^^^^^^^^^^^^^^^^^^^^^^^^^
/opt/hostedtoolcache/Python/3.12.13/x64/lib/python3.12/site-packages/passlib/utils/handlers.py:2163: in set_backend
    return cls.set_backend(name, dryrun=dryrun)
           ^^^^^^^^^^^^^^^^^^^^^^^^^^^^^^^^^^^^
/opt/hostedtoolcache/Python/3.12.13/x64/lib/python3.12/site-packages/passlib/utils/handlers.py:2188: in set_backend
    cls._set_backend(name, dryrun)
/opt/hostedtoolcache/Python/3.12.13/x64/lib/python3.12/site-packages/passlib/utils/handlers.py:2311: in _set_backend
    super(SubclassBackendMixin, cls)._set_backend(name, dryrun)
/opt/hostedtoolcache/Python/3.12.13/x64/lib/python3.12/site-packages/passlib/utils/handlers.py:2224: in _set_backend
    ok = loader(**kwds)
         ^^^^^^^^^^^^^^
/opt/hostedtoolcache/Python/3.12.13/x64/lib/python3.12/site-packages/passlib/handlers/bcrypt.py:626: in _load_backend_mixin
    return mixin_cls._finalize_backend_mixin(name, dryrun)
           ^^^^^^^^^^^^^^^^^^^^^^^^^^^^^^^^^^^^^^^^^^^^^^^
/opt/hostedtoolcache/Python/3.12.13/x64/lib/python3.12/site-packages/passlib/handlers/bcrypt.py:421: in _finalize_backend_mixin
    if detect_wrap_bug(IDENT_2A):
       ^^^^^^^^^^^^^^^^^^^^^^^^^
/opt/hostedtoolcache/Python/3.12.13/x64/lib/python3.12/site-packages/passlib/handlers/bcrypt.py:380: in detect_wrap_bug
    if verify(secret, bug_hash):
       ^^^^^^^^^^^^^^^^^^^^^^^^
/opt/hostedtoolcache/Python/3.12.13/x64/lib/python3.12/site-packages/passlib/utils/handlers.py:792: in verify
    return consteq(self._calc_checksum(secret), chk)
                   ^^^^^^^^^^^^^^^^^^^^^^^^^^^
_ _ _ _ _ _ _ _ _ _ _ _ _ _ _ _ _ _ _ _ _ _ _ _ _ _ _ _ _ _ _ _ _ _ _ _ _ _ _ _ 

self = <passlib.handlers.bcrypt._BcryptBackend object at 0x7f642fff1be0>
secret = b'01234567890123456789012345678901234567890123456789012345678901234567890123456789012345678901234567890123456789012345...7890123456789012345678901234567890123456789012345678901234567890123456789012345678901234567890123456789012345678901234'

    def _calc_checksum(self, secret):
        # bcrypt behavior:
        #   secret must be bytes
        #   config must be ascii bytes
        #   returns ascii bytes
        secret, ident = self._prepare_digest_args(secret)
        config = self._get_config(ident)
        if isinstance(config, unicode):
            config = config.encode("ascii")
>       hash = _bcrypt.hashpw(secret, config)
               ^^^^^^^^^^^^^^^^^^^^^^^^^^^^^^
E       ValueError: password cannot be longer than 72 bytes, truncate manually if necessary (e.g. my_password[:72])

/opt/hostedtoolcache/Python/3.12.13/x64/lib/python3.12/site-packages/passlib/handlers/bcrypt.py:655: ValueError
_________________ ERROR at setup of test_update_status_analyst _________________

self = <Coroutine test_update_status_analyst>

    def setup(self) -> None:
        runner_fixture_id = f"_{self._loop_scope}_scoped_runner"
        if runner_fixture_id not in self.fixturenames:
            self.fixturenames.append(runner_fixture_id)
        # When loop factories are configured, resolve the loop factory
        # fixture early so that a factory variant change cascades cache
        # invalidation before any async fixture checks its cache.
        hook_caller = self.config.hook.pytest_asyncio_loop_factories
        if hook_caller.get_hookimpls():
            _ = self._request.getfixturevalue(_asyncio_loop_factory.__name__)
>       return super().setup()
               ^^^^^^^^^^^^^^^

/opt/hostedtoolcache/Python/3.12.13/x64/lib/python3.12/site-packages/pytest_asyncio/plugin.py:558: 
_ _ _ _ _ _ _ _ _ _ _ _ _ _ _ _ _ _ _ _ _ _ _ _ _ _ _ _ _ _ _ _ _ _ _ _ _ _ _ _ 
/opt/hostedtoolcache/Python/3.12.13/x64/lib/python3.12/site-packages/pytest_asyncio/plugin.py:944: in pytest_fixture_setup
    hook_result = yield
                  ^^^^^
/opt/hostedtoolcache/Python/3.12.13/x64/lib/python3.12/site-packages/pytest_asyncio/plugin.py:455: in _async_fixture_wrapper
    result = runner.run(setup(), context=context)
             ^^^^^^^^^^^^^^^^^^^^^^^^^^^^^^^^^^^^
/opt/hostedtoolcache/Python/3.12.13/x64/lib/python3.12/asyncio/runners.py:118: in run
    return self._loop.run_until_complete(task)
           ^^^^^^^^^^^^^^^^^^^^^^^^^^^^^^^^^^^
/opt/hostedtoolcache/Python/3.12.13/x64/lib/python3.12/asyncio/base_events.py:691: in run_until_complete
    return future.result()
           ^^^^^^^^^^^^^^^
/opt/hostedtoolcache/Python/3.12.13/x64/lib/python3.12/site-packages/pytest_asyncio/plugin.py:451: in setup
    res = await fixture_function(*args, **kwargs)
          ^^^^^^^^^^^^^^^^^^^^^^^^^^^^^^^^^^^^^^^
tests/conftest.py:46: in test_user
    hashed_password=hash_password("password123"),
                    ^^^^^^^^^^^^^^^^^^^^^^^^^^^^
app/core/security.py:26: in hash_password
    return pwd_context.hash(password)
           ^^^^^^^^^^^^^^^^^^^^^^^^^^
/opt/hostedtoolcache/Python/3.12.13/x64/lib/python3.12/site-packages/passlib/context.py:2258: in hash
    return record.hash(secret, **kwds)
           ^^^^^^^^^^^^^^^^^^^^^^^^^^^
/opt/hostedtoolcache/Python/3.12.13/x64/lib/python3.12/site-packages/passlib/utils/handlers.py:779: in hash
    self.checksum = self._calc_checksum(secret)
                    ^^^^^^^^^^^^^^^^^^^^^^^^^^^
/opt/hostedtoolcache/Python/3.12.13/x64/lib/python3.12/site-packages/passlib/handlers/bcrypt.py:591: in _calc_checksum
    self._stub_requires_backend()
/opt/hostedtoolcache/Python/3.12.13/x64/lib/python3.12/site-packages/passlib/utils/handlers.py:2254: in _stub_requires_backend
    cls.set_backend()
/opt/hostedtoolcache/Python/3.12.13/x64/lib/python3.12/site-packages/passlib/utils/handlers.py:2156: in set_backend
    return owner.set_backend(name, dryrun=dryrun)
           ^^^^^^^^^^^^^^^^^^^^^^^^^^^^^^^^^^^^^^
/opt/hostedtoolcache/Python/3.12.13/x64/lib/python3.12/site-packages/passlib/utils/handlers.py:2163: in set_backend
    return cls.set_backend(name, dryrun=dryrun)
           ^^^^^^^^^^^^^^^^^^^^^^^^^^^^^^^^^^^^
/opt/hostedtoolcache/Python/3.12.13/x64/lib/python3.12/site-packages/passlib/utils/handlers.py:2188: in set_backend
    cls._set_backend(name, dryrun)
/opt/hostedtoolcache/Python/3.12.13/x64/lib/python3.12/site-packages/passlib/utils/handlers.py:2311: in _set_backend
    super(SubclassBackendMixin, cls)._set_backend(name, dryrun)
/opt/hostedtoolcache/Python/3.12.13/x64/lib/python3.12/site-packages/passlib/utils/handlers.py:2224: in _set_backend
    ok = loader(**kwds)
         ^^^^^^^^^^^^^^
/opt/hostedtoolcache/Python/3.12.13/x64/lib/python3.12/site-packages/passlib/handlers/bcrypt.py:626: in _load_backend_mixin
    return mixin_cls._finalize_backend_mixin(name, dryrun)
           ^^^^^^^^^^^^^^^^^^^^^^^^^^^^^^^^^^^^^^^^^^^^^^^
/opt/hostedtoolcache/Python/3.12.13/x64/lib/python3.12/site-packages/passlib/handlers/bcrypt.py:421: in _finalize_backend_mixin
    if detect_wrap_bug(IDENT_2A):
       ^^^^^^^^^^^^^^^^^^^^^^^^^
/opt/hostedtoolcache/Python/3.12.13/x64/lib/python3.12/site-packages/passlib/handlers/bcrypt.py:380: in detect_wrap_bug
    if verify(secret, bug_hash):
       ^^^^^^^^^^^^^^^^^^^^^^^^
/opt/hostedtoolcache/Python/3.12.13/x64/lib/python3.12/site-packages/passlib/utils/handlers.py:792: in verify
    return consteq(self._calc_checksum(secret), chk)
                   ^^^^^^^^^^^^^^^^^^^^^^^^^^^
_ _ _ _ _ _ _ _ _ _ _ _ _ _ _ _ _ _ _ _ _ _ _ _ _ _ _ _ _ _ _ _ _ _ _ _ _ _ _ _ 

self = <passlib.handlers.bcrypt._BcryptBackend object at 0x7f642fff11f0>
secret = b'01234567890123456789012345678901234567890123456789012345678901234567890123456789012345678901234567890123456789012345...7890123456789012345678901234567890123456789012345678901234567890123456789012345678901234567890123456789012345678901234'

    def _calc_checksum(self, secret):
        # bcrypt behavior:
        #   secret must be bytes
        #   config must be ascii bytes
        #   returns ascii bytes
        secret, ident = self._prepare_digest_args(secret)
        config = self._get_config(ident)
        if isinstance(config, unicode):
            config = config.encode("ascii")
>       hash = _bcrypt.hashpw(secret, config)
               ^^^^^^^^^^^^^^^^^^^^^^^^^^^^^^
E       ValueError: password cannot be longer than 72 bytes, truncate manually if necessary (e.g. my_password[:72])

/opt/hostedtoolcache/Python/3.12.13/x64/lib/python3.12/site-packages/passlib/handlers/bcrypt.py:655: ValueError
_____________ ERROR at setup of test_customer_cannot_update_status _____________

self = <Coroutine test_customer_cannot_update_status>

    def setup(self) -> None:
        runner_fixture_id = f"_{self._loop_scope}_scoped_runner"
        if runner_fixture_id not in self.fixturenames:
            self.fixturenames.append(runner_fixture_id)
        # When loop factories are configured, resolve the loop factory
        # fixture early so that a factory variant change cascades cache
        # invalidation before any async fixture checks its cache.
        hook_caller = self.config.hook.pytest_asyncio_loop_factories
        if hook_caller.get_hookimpls():
            _ = self._request.getfixturevalue(_asyncio_loop_factory.__name__)
>       return super().setup()
               ^^^^^^^^^^^^^^^

/opt/hostedtoolcache/Python/3.12.13/x64/lib/python3.12/site-packages/pytest_asyncio/plugin.py:558: 
_ _ _ _ _ _ _ _ _ _ _ _ _ _ _ _ _ _ _ _ _ _ _ _ _ _ _ _ _ _ _ _ _ _ _ _ _ _ _ _ 
/opt/hostedtoolcache/Python/3.12.13/x64/lib/python3.12/site-packages/pytest_asyncio/plugin.py:944: in pytest_fixture_setup
    hook_result = yield
                  ^^^^^
/opt/hostedtoolcache/Python/3.12.13/x64/lib/python3.12/site-packages/pytest_asyncio/plugin.py:455: in _async_fixture_wrapper
    result = runner.run(setup(), context=context)
             ^^^^^^^^^^^^^^^^^^^^^^^^^^^^^^^^^^^^
/opt/hostedtoolcache/Python/3.12.13/x64/lib/python3.12/asyncio/runners.py:118: in run
    return self._loop.run_until_complete(task)
           ^^^^^^^^^^^^^^^^^^^^^^^^^^^^^^^^^^^
/opt/hostedtoolcache/Python/3.12.13/x64/lib/python3.12/asyncio/base_events.py:691: in run_until_complete
    return future.result()
           ^^^^^^^^^^^^^^^
/opt/hostedtoolcache/Python/3.12.13/x64/lib/python3.12/site-packages/pytest_asyncio/plugin.py:451: in setup
    res = await fixture_function(*args, **kwargs)
          ^^^^^^^^^^^^^^^^^^^^^^^^^^^^^^^^^^^^^^^
tests/conftest.py:46: in test_user
    hashed_password=hash_password("password123"),
                    ^^^^^^^^^^^^^^^^^^^^^^^^^^^^
app/core/security.py:26: in hash_password
    return pwd_context.hash(password)
           ^^^^^^^^^^^^^^^^^^^^^^^^^^
/opt/hostedtoolcache/Python/3.12.13/x64/lib/python3.12/site-packages/passlib/context.py:2258: in hash
    return record.hash(secret, **kwds)
           ^^^^^^^^^^^^^^^^^^^^^^^^^^^
/opt/hostedtoolcache/Python/3.12.13/x64/lib/python3.12/site-packages/passlib/utils/handlers.py:779: in hash
    self.checksum = self._calc_checksum(secret)
                    ^^^^^^^^^^^^^^^^^^^^^^^^^^^
/opt/hostedtoolcache/Python/3.12.13/x64/lib/python3.12/site-packages/passlib/handlers/bcrypt.py:591: in _calc_checksum
    self._stub_requires_backend()
/opt/hostedtoolcache/Python/3.12.13/x64/lib/python3.12/site-packages/passlib/utils/handlers.py:2254: in _stub_requires_backend
    cls.set_backend()
/opt/hostedtoolcache/Python/3.12.13/x64/lib/python3.12/site-packages/passlib/utils/handlers.py:2156: in set_backend
    return owner.set_backend(name, dryrun=dryrun)
           ^^^^^^^^^^^^^^^^^^^^^^^^^^^^^^^^^^^^^^
/opt/hostedtoolcache/Python/3.12.13/x64/lib/python3.12/site-packages/passlib/utils/handlers.py:2163: in set_backend
    return cls.set_backend(name, dryrun=dryrun)
           ^^^^^^^^^^^^^^^^^^^^^^^^^^^^^^^^^^^^
/opt/hostedtoolcache/Python/3.12.13/x64/lib/python3.12/site-packages/passlib/utils/handlers.py:2188: in set_backend
    cls._set_backend(name, dryrun)
/opt/hostedtoolcache/Python/3.12.13/x64/lib/python3.12/site-packages/passlib/utils/handlers.py:2311: in _set_backend
    super(SubclassBackendMixin, cls)._set_backend(name, dryrun)
/opt/hostedtoolcache/Python/3.12.13/x64/lib/python3.12/site-packages/passlib/utils/handlers.py:2224: in _set_backend
    ok = loader(**kwds)
         ^^^^^^^^^^^^^^
/opt/hostedtoolcache/Python/3.12.13/x64/lib/python3.12/site-packages/passlib/handlers/bcrypt.py:626: in _load_backend_mixin
    return mixin_cls._finalize_backend_mixin(name, dryrun)
           ^^^^^^^^^^^^^^^^^^^^^^^^^^^^^^^^^^^^^^^^^^^^^^^
/opt/hostedtoolcache/Python/3.12.13/x64/lib/python3.12/site-packages/passlib/handlers/bcrypt.py:421: in _finalize_backend_mixin
    if detect_wrap_bug(IDENT_2A):
       ^^^^^^^^^^^^^^^^^^^^^^^^^
/opt/hostedtoolcache/Python/3.12.13/x64/lib/python3.12/site-packages/passlib/handlers/bcrypt.py:380: in detect_wrap_bug
    if verify(secret, bug_hash):
       ^^^^^^^^^^^^^^^^^^^^^^^^
/opt/hostedtoolcache/Python/3.12.13/x64/lib/python3.12/site-packages/passlib/utils/handlers.py:792: in verify
    return consteq(self._calc_checksum(secret), chk)
                   ^^^^^^^^^^^^^^^^^^^^^^^^^^^
_ _ _ _ _ _ _ _ _ _ _ _ _ _ _ _ _ _ _ _ _ _ _ _ _ _ _ _ _ _ _ _ _ _ _ _ _ _ _ _ 

self = <passlib.handlers.bcrypt._BcryptBackend object at 0x7f6434c7c3b0>
secret = b'01234567890123456789012345678901234567890123456789012345678901234567890123456789012345678901234567890123456789012345...7890123456789012345678901234567890123456789012345678901234567890123456789012345678901234567890123456789012345678901234'

    def _calc_checksum(self, secret):
        # bcrypt behavior:
        #   secret must be bytes
        #   config must be ascii bytes
        #   returns ascii bytes
        secret, ident = self._prepare_digest_args(secret)
        config = self._get_config(ident)
        if isinstance(config, unicode):
            config = config.encode("ascii")
>       hash = _bcrypt.hashpw(secret, config)
               ^^^^^^^^^^^^^^^^^^^^^^^^^^^^^^
E       ValueError: password cannot be longer than 72 bytes, truncate manually if necessary (e.g. my_password[:72])

/opt/hostedtoolcache/Python/3.12.13/x64/lib/python3.12/site-packages/passlib/handlers/bcrypt.py:655: ValueError
_____________________ ERROR at setup of test_report_fraud ______________________

self = <Coroutine test_report_fraud>

    def setup(self) -> None:
        runner_fixture_id = f"_{self._loop_scope}_scoped_runner"
        if runner_fixture_id not in self.fixturenames:
            self.fixturenames.append(runner_fixture_id)
        # When loop factories are configured, resolve the loop factory
        # fixture early so that a factory variant change cascades cache
        # invalidation before any async fixture checks its cache.
        hook_caller = self.config.hook.pytest_asyncio_loop_factories
        if hook_caller.get_hookimpls():
            _ = self._request.getfixturevalue(_asyncio_loop_factory.__name__)
>       return super().setup()
               ^^^^^^^^^^^^^^^

/opt/hostedtoolcache/Python/3.12.13/x64/lib/python3.12/site-packages/pytest_asyncio/plugin.py:558: 
_ _ _ _ _ _ _ _ _ _ _ _ _ _ _ _ _ _ _ _ _ _ _ _ _ _ _ _ _ _ _ _ _ _ _ _ _ _ _ _ 
/opt/hostedtoolcache/Python/3.12.13/x64/lib/python3.12/site-packages/pytest_asyncio/plugin.py:944: in pytest_fixture_setup
    hook_result = yield
                  ^^^^^
/opt/hostedtoolcache/Python/3.12.13/x64/lib/python3.12/site-packages/pytest_asyncio/plugin.py:455: in _async_fixture_wrapper
    result = runner.run(setup(), context=context)
             ^^^^^^^^^^^^^^^^^^^^^^^^^^^^^^^^^^^^
/opt/hostedtoolcache/Python/3.12.13/x64/lib/python3.12/asyncio/runners.py:118: in run
    return self._loop.run_until_complete(task)
           ^^^^^^^^^^^^^^^^^^^^^^^^^^^^^^^^^^^
/opt/hostedtoolcache/Python/3.12.13/x64/lib/python3.12/asyncio/base_events.py:691: in run_until_complete
    return future.result()
           ^^^^^^^^^^^^^^^
/opt/hostedtoolcache/Python/3.12.13/x64/lib/python3.12/site-packages/pytest_asyncio/plugin.py:451: in setup
    res = await fixture_function(*args, **kwargs)
          ^^^^^^^^^^^^^^^^^^^^^^^^^^^^^^^^^^^^^^^
tests/conftest.py:46: in test_user
    hashed_password=hash_password("password123"),
                    ^^^^^^^^^^^^^^^^^^^^^^^^^^^^
app/core/security.py:26: in hash_password
    return pwd_context.hash(password)
           ^^^^^^^^^^^^^^^^^^^^^^^^^^
/opt/hostedtoolcache/Python/3.12.13/x64/lib/python3.12/site-packages/passlib/context.py:2258: in hash
    return record.hash(secret, **kwds)
           ^^^^^^^^^^^^^^^^^^^^^^^^^^^
/opt/hostedtoolcache/Python/3.12.13/x64/lib/python3.12/site-packages/passlib/utils/handlers.py:779: in hash
    self.checksum = self._calc_checksum(secret)
                    ^^^^^^^^^^^^^^^^^^^^^^^^^^^
/opt/hostedtoolcache/Python/3.12.13/x64/lib/python3.12/site-packages/passlib/handlers/bcrypt.py:591: in _calc_checksum
    self._stub_requires_backend()
/opt/hostedtoolcache/Python/3.12.13/x64/lib/python3.12/site-packages/passlib/utils/handlers.py:2254: in _stub_requires_backend
    cls.set_backend()
/opt/hostedtoolcache/Python/3.12.13/x64/lib/python3.12/site-packages/passlib/utils/handlers.py:2156: in set_backend
    return owner.set_backend(name, dryrun=dryrun)
           ^^^^^^^^^^^^^^^^^^^^^^^^^^^^^^^^^^^^^^
/opt/hostedtoolcache/Python/3.12.13/x64/lib/python3.12/site-packages/passlib/utils/handlers.py:2163: in set_backend
    return cls.set_backend(name, dryrun=dryrun)
           ^^^^^^^^^^^^^^^^^^^^^^^^^^^^^^^^^^^^
/opt/hostedtoolcache/Python/3.12.13/x64/lib/python3.12/site-packages/passlib/utils/handlers.py:2188: in set_backend
    cls._set_backend(name, dryrun)
/opt/hostedtoolcache/Python/3.12.13/x64/lib/python3.12/site-packages/passlib/utils/handlers.py:2311: in _set_backend
    super(SubclassBackendMixin, cls)._set_backend(name, dryrun)
/opt/hostedtoolcache/Python/3.12.13/x64/lib/python3.12/site-packages/passlib/utils/handlers.py:2224: in _set_backend
    ok = loader(**kwds)
         ^^^^^^^^^^^^^^
/opt/hostedtoolcache/Python/3.12.13/x64/lib/python3.12/site-packages/passlib/handlers/bcrypt.py:626: in _load_backend_mixin
    return mixin_cls._finalize_backend_mixin(name, dryrun)
           ^^^^^^^^^^^^^^^^^^^^^^^^^^^^^^^^^^^^^^^^^^^^^^^
/opt/hostedtoolcache/Python/3.12.13/x64/lib/python3.12/site-packages/passlib/handlers/bcrypt.py:421: in _finalize_backend_mixin
    if detect_wrap_bug(IDENT_2A):
       ^^^^^^^^^^^^^^^^^^^^^^^^^
/opt/hostedtoolcache/Python/3.12.13/x64/lib/python3.12/site-packages/passlib/handlers/bcrypt.py:380: in detect_wrap_bug
    if verify(secret, bug_hash):
       ^^^^^^^^^^^^^^^^^^^^^^^^
/opt/hostedtoolcache/Python/3.12.13/x64/lib/python3.12/site-packages/passlib/utils/handlers.py:792: in verify
    return consteq(self._calc_checksum(secret), chk)
                   ^^^^^^^^^^^^^^^^^^^^^^^^^^^
_ _ _ _ _ _ _ _ _ _ _ _ _ _ _ _ _ _ _ _ _ _ _ _ _ _ _ _ _ _ _ _ _ _ _ _ _ _ _ _ 

self = <passlib.handlers.bcrypt._BcryptBackend object at 0x7f6434c7f710>
secret = b'01234567890123456789012345678901234567890123456789012345678901234567890123456789012345678901234567890123456789012345...7890123456789012345678901234567890123456789012345678901234567890123456789012345678901234567890123456789012345678901234'

    def _calc_checksum(self, secret):
        # bcrypt behavior:
        #   secret must be bytes
        #   config must be ascii bytes
        #   returns ascii bytes
        secret, ident = self._prepare_digest_args(secret)
        config = self._get_config(ident)
        if isinstance(config, unicode):
            config = config.encode("ascii")
>       hash = _bcrypt.hashpw(secret, config)
               ^^^^^^^^^^^^^^^^^^^^^^^^^^^^^^
E       ValueError: password cannot be longer than 72 bytes, truncate manually if necessary (e.g. my_password[:72])

/opt/hostedtoolcache/Python/3.12.13/x64/lib/python3.12/site-packages/passlib/handlers/bcrypt.py:655: ValueError
_________________ ERROR at setup of test_get_transaction_stats _________________

self = <Coroutine test_get_transaction_stats>

    def setup(self) -> None:
        runner_fixture_id = f"_{self._loop_scope}_scoped_runner"
        if runner_fixture_id not in self.fixturenames:
            self.fixturenames.append(runner_fixture_id)
        # When loop factories are configured, resolve the loop factory
        # fixture early so that a factory variant change cascades cache
        # invalidation before any async fixture checks its cache.
        hook_caller = self.config.hook.pytest_asyncio_loop_factories
        if hook_caller.get_hookimpls():
            _ = self._request.getfixturevalue(_asyncio_loop_factory.__name__)
>       return super().setup()
               ^^^^^^^^^^^^^^^

/opt/hostedtoolcache/Python/3.12.13/x64/lib/python3.12/site-packages/pytest_asyncio/plugin.py:558: 
_ _ _ _ _ _ _ _ _ _ _ _ _ _ _ _ _ _ _ _ _ _ _ _ _ _ _ _ _ _ _ _ _ _ _ _ _ _ _ _ 
/opt/hostedtoolcache/Python/3.12.13/x64/lib/python3.12/site-packages/pytest_asyncio/plugin.py:944: in pytest_fixture_setup
    hook_result = yield
                  ^^^^^
/opt/hostedtoolcache/Python/3.12.13/x64/lib/python3.12/site-packages/pytest_asyncio/plugin.py:455: in _async_fixture_wrapper
    result = runner.run(setup(), context=context)
             ^^^^^^^^^^^^^^^^^^^^^^^^^^^^^^^^^^^^
/opt/hostedtoolcache/Python/3.12.13/x64/lib/python3.12/asyncio/runners.py:118: in run
    return self._loop.run_until_complete(task)
           ^^^^^^^^^^^^^^^^^^^^^^^^^^^^^^^^^^^
/opt/hostedtoolcache/Python/3.12.13/x64/lib/python3.12/asyncio/base_events.py:691: in run_until_complete
    return future.result()
           ^^^^^^^^^^^^^^^
/opt/hostedtoolcache/Python/3.12.13/x64/lib/python3.12/site-packages/pytest_asyncio/plugin.py:451: in setup
    res = await fixture_function(*args, **kwargs)
          ^^^^^^^^^^^^^^^^^^^^^^^^^^^^^^^^^^^^^^^
tests/conftest.py:46: in test_user
    hashed_password=hash_password("password123"),
                    ^^^^^^^^^^^^^^^^^^^^^^^^^^^^
app/core/security.py:26: in hash_password
    return pwd_context.hash(password)
           ^^^^^^^^^^^^^^^^^^^^^^^^^^
/opt/hostedtoolcache/Python/3.12.13/x64/lib/python3.12/site-packages/passlib/context.py:2258: in hash
    return record.hash(secret, **kwds)
           ^^^^^^^^^^^^^^^^^^^^^^^^^^^
/opt/hostedtoolcache/Python/3.12.13/x64/lib/python3.12/site-packages/passlib/utils/handlers.py:779: in hash
    self.checksum = self._calc_checksum(secret)
                    ^^^^^^^^^^^^^^^^^^^^^^^^^^^
/opt/hostedtoolcache/Python/3.12.13/x64/lib/python3.12/site-packages/passlib/handlers/bcrypt.py:591: in _calc_checksum
    self._stub_requires_backend()
/opt/hostedtoolcache/Python/3.12.13/x64/lib/python3.12/site-packages/passlib/utils/handlers.py:2254: in _stub_requires_backend
    cls.set_backend()
/opt/hostedtoolcache/Python/3.12.13/x64/lib/python3.12/site-packages/passlib/utils/handlers.py:2156: in set_backend
    return owner.set_backend(name, dryrun=dryrun)
           ^^^^^^^^^^^^^^^^^^^^^^^^^^^^^^^^^^^^^^
/opt/hostedtoolcache/Python/3.12.13/x64/lib/python3.12/site-packages/passlib/utils/handlers.py:2163: in set_backend
    return cls.set_backend(name, dryrun=dryrun)
           ^^^^^^^^^^^^^^^^^^^^^^^^^^^^^^^^^^^^
/opt/hostedtoolcache/Python/3.12.13/x64/lib/python3.12/site-packages/passlib/utils/handlers.py:2188: in set_backend
    cls._set_backend(name, dryrun)
/opt/hostedtoolcache/Python/3.12.13/x64/lib/python3.12/site-packages/passlib/utils/handlers.py:2311: in _set_backend
    super(SubclassBackendMixin, cls)._set_backend(name, dryrun)
/opt/hostedtoolcache/Python/3.12.13/x64/lib/python3.12/site-packages/passlib/utils/handlers.py:2224: in _set_backend
    ok = loader(**kwds)
         ^^^^^^^^^^^^^^
/opt/hostedtoolcache/Python/3.12.13/x64/lib/python3.12/site-packages/passlib/handlers/bcrypt.py:626: in _load_backend_mixin
    return mixin_cls._finalize_backend_mixin(name, dryrun)
           ^^^^^^^^^^^^^^^^^^^^^^^^^^^^^^^^^^^^^^^^^^^^^^^
/opt/hostedtoolcache/Python/3.12.13/x64/lib/python3.12/site-packages/passlib/handlers/bcrypt.py:421: in _finalize_backend_mixin
    if detect_wrap_bug(IDENT_2A):
       ^^^^^^^^^^^^^^^^^^^^^^^^^
/opt/hostedtoolcache/Python/3.12.13/x64/lib/python3.12/site-packages/passlib/handlers/bcrypt.py:380: in detect_wrap_bug
    if verify(secret, bug_hash):
       ^^^^^^^^^^^^^^^^^^^^^^^^
/opt/hostedtoolcache/Python/3.12.13/x64/lib/python3.12/site-packages/passlib/utils/handlers.py:792: in verify
    return consteq(self._calc_checksum(secret), chk)
                   ^^^^^^^^^^^^^^^^^^^^^^^^^^^
_ _ _ _ _ _ _ _ _ _ _ _ _ _ _ _ _ _ _ _ _ _ _ _ _ _ _ _ _ _ _ _ _ _ _ _ _ _ _ _ 

self = <passlib.handlers.bcrypt._BcryptBackend object at 0x7f6434c7c770>
secret = b'01234567890123456789012345678901234567890123456789012345678901234567890123456789012345678901234567890123456789012345...7890123456789012345678901234567890123456789012345678901234567890123456789012345678901234567890123456789012345678901234'

    def _calc_checksum(self, secret):
        # bcrypt behavior:
        #   secret must be bytes
        #   config must be ascii bytes
        #   returns ascii bytes
        secret, ident = self._prepare_digest_args(secret)
        config = self._get_config(ident)
        if isinstance(config, unicode):
            config = config.encode("ascii")
>       hash = _bcrypt.hashpw(secret, config)
               ^^^^^^^^^^^^^^^^^^^^^^^^^^^^^^
E       ValueError: password cannot be longer than 72 bytes, truncate manually if necessary (e.g. my_password[:72])

/opt/hostedtoolcache/Python/3.12.13/x64/lib/python3.12/site-packages/passlib/handlers/bcrypt.py:655: ValueError
___________________ ERROR at setup of test_list_users_admin ____________________

self = <Coroutine test_list_users_admin>

    def setup(self) -> None:
        runner_fixture_id = f"_{self._loop_scope}_scoped_runner"
        if runner_fixture_id not in self.fixturenames:
            self.fixturenames.append(runner_fixture_id)
        # When loop factories are configured, resolve the loop factory
        # fixture early so that a factory variant change cascades cache
        # invalidation before any async fixture checks its cache.
        hook_caller = self.config.hook.pytest_asyncio_loop_factories
        if hook_caller.get_hookimpls():
            _ = self._request.getfixturevalue(_asyncio_loop_factory.__name__)
>       return super().setup()
               ^^^^^^^^^^^^^^^

/opt/hostedtoolcache/Python/3.12.13/x64/lib/python3.12/site-packages/pytest_asyncio/plugin.py:558: 
_ _ _ _ _ _ _ _ _ _ _ _ _ _ _ _ _ _ _ _ _ _ _ _ _ _ _ _ _ _ _ _ _ _ _ _ _ _ _ _ 
/opt/hostedtoolcache/Python/3.12.13/x64/lib/python3.12/site-packages/pytest_asyncio/plugin.py:944: in pytest_fixture_setup
    hook_result = yield
                  ^^^^^
/opt/hostedtoolcache/Python/3.12.13/x64/lib/python3.12/site-packages/pytest_asyncio/plugin.py:455: in _async_fixture_wrapper
    result = runner.run(setup(), context=context)
             ^^^^^^^^^^^^^^^^^^^^^^^^^^^^^^^^^^^^
/opt/hostedtoolcache/Python/3.12.13/x64/lib/python3.12/asyncio/runners.py:118: in run
    return self._loop.run_until_complete(task)
           ^^^^^^^^^^^^^^^^^^^^^^^^^^^^^^^^^^^
/opt/hostedtoolcache/Python/3.12.13/x64/lib/python3.12/asyncio/base_events.py:691: in run_until_complete
    return future.result()
           ^^^^^^^^^^^^^^^
/opt/hostedtoolcache/Python/3.12.13/x64/lib/python3.12/site-packages/pytest_asyncio/plugin.py:451: in setup
    res = await fixture_function(*args, **kwargs)
          ^^^^^^^^^^^^^^^^^^^^^^^^^^^^^^^^^^^^^^^
tests/conftest.py:60: in test_admin
    hashed_password=hash_password("password123"),
                    ^^^^^^^^^^^^^^^^^^^^^^^^^^^^
app/core/security.py:26: in hash_password
    return pwd_context.hash(password)
           ^^^^^^^^^^^^^^^^^^^^^^^^^^
/opt/hostedtoolcache/Python/3.12.13/x64/lib/python3.12/site-packages/passlib/context.py:2258: in hash
    return record.hash(secret, **kwds)
           ^^^^^^^^^^^^^^^^^^^^^^^^^^^
/opt/hostedtoolcache/Python/3.12.13/x64/lib/python3.12/site-packages/passlib/utils/handlers.py:779: in hash
    self.checksum = self._calc_checksum(secret)
                    ^^^^^^^^^^^^^^^^^^^^^^^^^^^
/opt/hostedtoolcache/Python/3.12.13/x64/lib/python3.12/site-packages/passlib/handlers/bcrypt.py:591: in _calc_checksum
    self._stub_requires_backend()
/opt/hostedtoolcache/Python/3.12.13/x64/lib/python3.12/site-packages/passlib/utils/handlers.py:2254: in _stub_requires_backend
    cls.set_backend()
/opt/hostedtoolcache/Python/3.12.13/x64/lib/python3.12/site-packages/passlib/utils/handlers.py:2156: in set_backend
    return owner.set_backend(name, dryrun=dryrun)
           ^^^^^^^^^^^^^^^^^^^^^^^^^^^^^^^^^^^^^^
/opt/hostedtoolcache/Python/3.12.13/x64/lib/python3.12/site-packages/passlib/utils/handlers.py:2163: in set_backend
    return cls.set_backend(name, dryrun=dryrun)
           ^^^^^^^^^^^^^^^^^^^^^^^^^^^^^^^^^^^^
/opt/hostedtoolcache/Python/3.12.13/x64/lib/python3.12/site-packages/passlib/utils/handlers.py:2188: in set_backend
    cls._set_backend(name, dryrun)
/opt/hostedtoolcache/Python/3.12.13/x64/lib/python3.12/site-packages/passlib/utils/handlers.py:2311: in _set_backend
    super(SubclassBackendMixin, cls)._set_backend(name, dryrun)
/opt/hostedtoolcache/Python/3.12.13/x64/lib/python3.12/site-packages/passlib/utils/handlers.py:2224: in _set_backend
    ok = loader(**kwds)
         ^^^^^^^^^^^^^^
/opt/hostedtoolcache/Python/3.12.13/x64/lib/python3.12/site-packages/passlib/handlers/bcrypt.py:626: in _load_backend_mixin
    return mixin_cls._finalize_backend_mixin(name, dryrun)
[...]
    await route.handle(scope, receive, send)
  File "/opt/hostedtoolcache/Python/3.12.13/x64/lib/python3.12/site-packages/fastapi/routing.py", line 1780, in handle
    await self.original_router.handle(scope, receive, send)
  File "/opt/hostedtoolcache/Python/3.12.13/x64/lib/python3.12/site-packages/fastapi/routing.py", line 2789, in handle
    await included_router._handle_selected(scope, receive, send)
  File "/opt/hostedtoolcache/Python/3.12.13/x64/lib/python3.12/site-packages/fastapi/routing.py", line 1791, in _handle_selected
    await route.handle(scope, receive, send)
  File "/opt/hostedtoolcache/Python/3.12.13/x64/lib/python3.12/site-packages/fastapi/routing.py", line 1780, in handle
    await self.original_router.handle(scope, receive, send)
  File "/opt/hostedtoolcache/Python/3.12.13/x64/lib/python3.12/site-packages/fastapi/routing.py", line 2789, in handle
    await included_router._handle_selected(scope, receive, send)
  File "/opt/hostedtoolcache/Python/3.12.13/x64/lib/python3.12/site-packages/fastapi/routing.py", line 1800, in _handle_selected
    await original_route.handle(scope, receive, send)
  File "/opt/hostedtoolcache/Python/3.12.13/x64/lib/python3.12/site-packages/fastapi/routing.py", line 1279, in handle
    await app(scope, receive, send)
  File "/opt/hostedtoolcache/Python/3.12.13/x64/lib/python3.12/site-packages/fastapi/routing.py", line 158, in app
    await wrap_app_handling_exceptions(app, request)(scope, receive, send)
  File "/opt/hostedtoolcache/Python/3.12.13/x64/lib/python3.12/site-packages/starlette/_exception_handler.py", line 53, in wrapped_app
    raise exc
  File "/opt/hostedtoolcache/Python/3.12.13/x64/lib/python3.12/site-packages/starlette/_exception_handler.py", line 42, in wrapped_app
    await app(scope, receive, sender)
  File "/opt/hostedtoolcache/Python/3.12.13/x64/lib/python3.12/site-packages/fastapi/routing.py", line 144, in app
    response = await f(request)
               ^^^^^^^^^^^^^^^^
  File "/opt/hostedtoolcache/Python/3.12.13/x64/lib/python3.12/site-packages/fastapi/routing.py", line 706, in app
    raw_response = await run_endpoint_function(
                   ^^^^^^^^^^^^^^^^^^^^^^^^^^^^
  File "/opt/hostedtoolcache/Python/3.12.13/x64/lib/python3.12/site-packages/fastapi/routing.py", line 352, in run_endpoint_function
    return await dependant.call(**values)
           ^^^^^^^^^^^^^^^^^^^^^^^^^^^^^^
  File "/home/runner/work/FraudShield-AI/FraudShield-AI/apps/api/app/api/v1/auth.py", line 17, in register
    user = await service.register(request.email, request.password, request.full_name)
           ^^^^^^^^^^^^^^^^^^^^^^^^^^^^^^^^^^^^^^^^^^^^^^^^^^^^^^^^^^^^^^^^^^^^^^^^^^
  File "/home/runner/work/FraudShield-AI/FraudShield-AI/apps/api/app/services/auth_service.py", line 16, in register
    hashed = hash_password(password)
             ^^^^^^^^^^^^^^^^^^^^^^^
  File "/home/runner/work/FraudShield-AI/FraudShield-AI/apps/api/app/core/security.py", line 26, in hash_password
    return pwd_context.hash(password)
           ^^^^^^^^^^^^^^^^^^^^^^^^^^
  File "/opt/hostedtoolcache/Python/3.12.13/x64/lib/python3.12/site-packages/passlib/context.py", line 2258, in hash
    return record.hash(secret, **kwds)
           ^^^^^^^^^^^^^^^^^^^^^^^^^^^
  File "/opt/hostedtoolcache/Python/3.12.13/x64/lib/python3.12/site-packages/passlib/utils/handlers.py", line 779, in hash
    self.checksum = self._calc_checksum(secret)
                    ^^^^^^^^^^^^^^^^^^^^^^^^^^^
  File "/opt/hostedtoolcache/Python/3.12.13/x64/lib/python3.12/site-packages/passlib/handlers/bcrypt.py", line 591, in _calc_checksum
    self._stub_requires_backend()
  File "/opt/hostedtoolcache/Python/3.12.13/x64/lib/python3.12/site-packages/passlib/utils/handlers.py", line 2254, in _stub_requires_backend
    cls.set_backend()
  File "/opt/hostedtoolcache/Python/3.12.13/x64/lib/python3.12/site-packages/passlib/utils/handlers.py", line 2156, in set_backend
    return owner.set_backend(name, dryrun=dryrun)
           ^^^^^^^^^^^^^^^^^^^^^^^^^^^^^^^^^^^^^^
  File "/opt/hostedtoolcache/Python/3.12.13/x64/lib/python3.12/site-packages/passlib/utils/handlers.py", line 2163, in set_backend
    return cls.set_backend(name, dryrun=dryrun)
           ^^^^^^^^^^^^^^^^^^^^^^^^^^^^^^^^^^^^
  File "/opt/hostedtoolcache/Python/3.12.13/x64/lib/python3.12/site-packages/passlib/utils/handlers.py", line 2188, in set_backend
    cls._set_backend(name, dryrun)
  File "/opt/hostedtoolcache/Python/3.12.13/x64/lib/python3.12/site-packages/passlib/utils/handlers.py", line 2311, in _set_backend
    super(SubclassBackendMixin, cls)._set_backend(name, dryrun)
  File "/opt/hostedtoolcache/Python/3.12.13/x64/lib/python3.12/site-packages/passlib/utils/handlers.py", line 2224, in _set_backend
    ok = loader(**kwds)
         ^^^^^^^^^^^^^^
  File "/opt/hostedtoolcache/Python/3.12.13/x64/lib/python3.12/site-packages/passlib/handlers/bcrypt.py", line 626, in _load_backend_mixin
    return mixin_cls._finalize_backend_mixin(name, dryrun)
           ^^^^^^^^^^^^^^^^^^^^^^^^^^^^^^^^^^^^^^^^^^^^^^^
  File "/opt/hostedtoolcache/Python/3.12.13/x64/lib/python3.12/site-packages/passlib/handlers/bcrypt.py", line 421, in _finalize_backend_mixin
    if detect_wrap_bug(IDENT_2A):
       ^^^^^^^^^^^^^^^^^^^^^^^^^
  File "/opt/hostedtoolcache/Python/3.12.13/x64/lib/python3.12/site-packages/passlib/handlers/bcrypt.py", line 380, in detect_wrap_bug
    if verify(secret, bug_hash):
       ^^^^^^^^^^^^^^^^^^^^^^^^
  File "/opt/hostedtoolcache/Python/3.12.13/x64/lib/python3.12/site-packages/passlib/utils/handlers.py", line 792, in verify
    return consteq(self._calc_checksum(secret), chk)
                   ^^^^^^^^^^^^^^^^^^^^^^^^^^^
  File "/opt/hostedtoolcache/Python/3.12.13/x64/lib/python3.12/site-packages/passlib/handlers/bcrypt.py", line 655, in _calc_checksum
    hash = _bcrypt.hashpw(secret, config)
           ^^^^^^^^^^^^^^^^^^^^^^^^^^^^^^
ValueError: password cannot be longer than 72 bytes, truncate manually if necessary (e.g. my_password[:72])

The above exception was the direct cause of the following exception:

test_client = <httpx.AsyncClient object at 0x7f6437881d30>

    async def test_register_success(test_client: AsyncClient):
>       response = await test_client.post("/api/v1/auth/register", json={
            "email": "new@example.com",
            "password": "password123",
            "full_name": "New User"
        })

tests/test_auth.py:8: 
_ _ _ _ _ _ _ _ _ _ _ _ _ _ _ _ _ _ _ _ _ _ _ _ _ _ _ _ _ _ _ _ _ _ _ _ _ _ _ _ 
/opt/hostedtoolcache/Python/3.12.13/x64/lib/python3.12/site-packages/httpx/_client.py:1859: in post
    return await self.request(
/opt/hostedtoolcache/Python/3.12.13/x64/lib/python3.12/site-packages/httpx/_client.py:1540: in request
    return await self.send(request, auth=auth, follow_redirects=follow_redirects)
           ^^^^^^^^^^^^^^^^^^^^^^^^^^^^^^^^^^^^^^^^^^^^^^^^^^^^^^^^^^^^^^^^^^^^^^
/opt/hostedtoolcache/Python/3.12.13/x64/lib/python3.12/site-packages/httpx/_client.py:1629: in send
    response = await self._send_handling_auth(
/opt/hostedtoolcache/Python/3.12.13/x64/lib/python3.12/site-packages/httpx/_client.py:1657: in _send_handling_auth
    response = await self._send_handling_redirects(
/opt/hostedtoolcache/Python/3.12.13/x64/lib/python3.12/site-packages/httpx/_client.py:1694: in _send_handling_redirects
    response = await self._send_single_request(request)
               ^^^^^^^^^^^^^^^^^^^^^^^^^^^^^^^^^^^^^^^^
/opt/hostedtoolcache/Python/3.12.13/x64/lib/python3.12/site-packages/httpx/_client.py:1730: in _send_single_request
    response = await transport.handle_async_request(request)
               ^^^^^^^^^^^^^^^^^^^^^^^^^^^^^^^^^^^^^^^^^^^^^
/opt/hostedtoolcache/Python/3.12.13/x64/lib/python3.12/site-packages/httpx/_transports/asgi.py:170: in handle_async_request
    await self.app(scope, receive, send)
/opt/hostedtoolcache/Python/3.12.13/x64/lib/python3.12/site-packages/fastapi/applications.py:1163: in __call__
    await super().__call__(scope, receive, send)
/opt/hostedtoolcache/Python/3.12.13/x64/lib/python3.12/site-packages/starlette/applications.py:96: in __call__
    await self.middleware_stack(scope, receive, send)
/opt/hostedtoolcache/Python/3.12.13/x64/lib/python3.12/site-packages/starlette/middleware/errors.py:186: in __call__
    raise exc
/opt/hostedtoolcache/Python/3.12.13/x64/lib/python3.12/site-packages/starlette/middleware/errors.py:164: in __call__
    await self.app(scope, receive, _send)
/opt/hostedtoolcache/Python/3.12.13/x64/lib/python3.12/site-packages/starlette/middleware/base.py:193: in __call__
    response = await self.dispatch_func(request, call_next)
               ^^^^^^^^^^^^^^^^^^^^^^^^^^^^^^^^^^^^^^^^^^^^
app/middleware/rate_limit.py:57: in dispatch
    return await call_next(request)
           ^^^^^^^^^^^^^^^^^^^^^^^^
/opt/hostedtoolcache/Python/3.12.13/x64/lib/python3.12/site-packages/starlette/middleware/base.py:168: in call_next
    raise app_exc from app_exc.__cause__ or app_exc.__context__
/opt/hostedtoolcache/Python/3.12.13/x64/lib/python3.12/site-packages/starlette/middleware/base.py:144: in coro
    await self.app(scope, receive_or_disconnect, send_no_error)
/opt/hostedtoolcache/Python/3.12.13/x64/lib/python3.12/site-packages/starlette/middleware/base.py:193: in __call__
    response = await self.dispatch_func(request, call_next)
               ^^^^^^^^^^^^^^^^^^^^^^^^^^^^^^^^^^^^^^^^^^^^
app/middleware/security.py:11: in dispatch
    response = await call_next(request)
               ^^^^^^^^^^^^^^^^^^^^^^^^
/opt/hostedtoolcache/Python/3.12.13/x64/lib/python3.12/site-packages/starlette/middleware/base.py:168: in call_next
    raise app_exc from app_exc.__cause__ or app_exc.__context__
/opt/hostedtoolcache/Python/3.12.13/x64/lib/python3.12/site-packages/starlette/middleware/base.py:144: in coro
    await self.app(scope, receive_or_disconnect, send_no_error)
/opt/hostedtoolcache/Python/3.12.13/x64/lib/python3.12/site-packages/starlette/middleware/cors.py:88: in __call__
    await self.app(scope, receive, send)
/opt/hostedtoolcache/Python/3.12.13/x64/lib/python3.12/site-packages/starlette/middleware/exceptions.py:63: in __call__
    await wrap_app_handling_exceptions(self.app, conn)(scope, receive, send)
/opt/hostedtoolcache/Python/3.12.13/x64/lib/python3.12/site-packages/starlette/_exception_handler.py:53: in wrapped_app
    raise exc
/opt/hostedtoolcache/Python/3.12.13/x64/lib/python3.12/site-packages/starlette/_exception_handler.py:42: in wrapped_app
    await app(scope, receive, sender)
/opt/hostedtoolcache/Python/3.12.13/x64/lib/python3.12/site-packages/fastapi/middleware/asyncexitstack.py:18: in __call__
    await self.app(scope, receive, send)
/opt/hostedtoolcache/Python/3.12.13/x64/lib/python3.12/site-packages/starlette/routing.py:670: in __call__
    await self.middleware_stack(scope, receive, send)
/opt/hostedtoolcache/Python/3.12.13/x64/lib/python3.12/site-packages/fastapi/routing.py:2734: in app
    await route.handle(scope, receive, send)
/opt/hostedtoolcache/Python/3.12.13/x64/lib/python3.12/site-packages/fastapi/routing.py:1780: in handle
    await self.original_router.handle(scope, receive, send)
/opt/hostedtoolcache/Python/3.12.13/x64/lib/python3.12/site-packages/fastapi/routing.py:2789: in handle
    await included_router._handle_selected(scope, receive, send)
/opt/hostedtoolcache/Python/3.12.13/x64/lib/python3.12/site-packages/fastapi/routing.py:1791: in _handle_selected
    await route.handle(scope, receive, send)
/opt/hostedtoolcache/Python/3.12.13/x64/lib/python3.12/site-packages/fastapi/routing.py:1780: in handle
    await self.original_router.handle(scope, receive, send)
/opt/hostedtoolcache/Python/3.12.13/x64/lib/python3.12/site-packages/fastapi/routing.py:2789: in handle
    await included_router._handle_selected(scope, receive, send)
/opt/hostedtoolcache/Python/3.12.13/x64/lib/python3.12/site-packages/fastapi/routing.py:1800: in _handle_selected
    await original_route.handle(scope, receive, send)
/opt/hostedtoolcache/Python/3.12.13/x64/lib/python3.12/site-packages/fastapi/routing.py:1279: in handle
    await app(scope, receive, send)
/opt/hostedtoolcache/Python/3.12.13/x64/lib/python3.12/site-packages/fastapi/routing.py:158: in app
    await wrap_app_handling_exceptions(app, request)(scope, receive, send)
/opt/hostedtoolcache/Python/3.12.13/x64/lib/python3.12/site-packages/starlette/_exception_handler.py:53: in wrapped_app
    raise exc
/opt/hostedtoolcache/Python/3.12.13/x64/lib/python3.12/site-packages/starlette/_exception_handler.py:42: in wrapped_app
    await app(scope, receive, sender)
/opt/hostedtoolcache/Python/3.12.13/x64/lib/python3.12/site-packages/fastapi/routing.py:144: in app
    response = await f(request)
               ^^^^^^^^^^^^^^^^
/opt/hostedtoolcache/Python/3.12.13/x64/lib/python3.12/site-packages/fastapi/routing.py:706: in app
    raw_response = await run_endpoint_function(
/opt/hostedtoolcache/Python/3.12.13/x64/lib/python3.12/site-packages/fastapi/routing.py:352: in run_endpoint_function
    return await dependant.call(**values)
           ^^^^^^^^^^^^^^^^^^^^^^^^^^^^^^
app/api/v1/auth.py:17: in register
    user = await service.register(request.email, request.password, request.full_name)
           ^^^^^^^^^^^^^^^^^^^^^^^^^^^^^^^^^^^^^^^^^^^^^^^^^^^^^^^^^^^^^^^^^^^^^^^^^^
app/services/auth_service.py:16: in register
    hashed = hash_password(password)
             ^^^^^^^^^^^^^^^^^^^^^^^
app/core/security.py:26: in hash_password
    return pwd_context.hash(password)
           ^^^^^^^^^^^^^^^^^^^^^^^^^^
/opt/hostedtoolcache/Python/3.12.13/x64/lib/python3.12/site-packages/passlib/context.py:2258: in hash
    return record.hash(secret, **kwds)
           ^^^^^^^^^^^^^^^^^^^^^^^^^^^
/opt/hostedtoolcache/Python/3.12.13/x64/lib/python3.12/site-packages/passlib/utils/handlers.py:779: in hash
    self.checksum = self._calc_checksum(secret)
                    ^^^^^^^^^^^^^^^^^^^^^^^^^^^
/opt/hostedtoolcache/Python/3.12.13/x64/lib/python3.12/site-packages/passlib/handlers/bcrypt.py:591: in _calc_checksum
    self._stub_requires_backend()
/opt/hostedtoolcache/Python/3.12.13/x64/lib/python3.12/site-packages/passlib/utils/handlers.py:2254: in _stub_requires_backend
    cls.set_backend()
/opt/hostedtoolcache/Python/3.12.13/x64/lib/python3.12/site-packages/passlib/utils/handlers.py:2156: in set_backend
    return owner.set_backend(name, dryrun=dryrun)
           ^^^^^^^^^^^^^^^^^^^^^^^^^^^^^^^^^^^^^^
/opt/hostedtoolcache/Python/3.12.13/x64/lib/python3.12/site-packages/passlib/utils/handlers.py:2163: in set_backend
    return cls.set_backend(name, dryrun=dryrun)
           ^^^^^^^^^^^^^^^^^^^^^^^^^^^^^^^^^^^^
/opt/hostedtoolcache/Python/3.12.13/x64/lib/python3.12/site-packages/passlib/utils/handlers.py:2188: in set_backend
    cls._set_backend(name, dryrun)
/opt/hostedtoolcache/Python/3.12.13/x64/lib/python3.12/site-packages/passlib/utils/handlers.py:2311: in _set_backend
    super(SubclassBackendMixin, cls)._set_backend(name, dryrun)
/opt/hostedtoolcache/Python/3.12.13/x64/lib/python3.12/site-packages/passlib/utils/handlers.py:2224: in _set_backend
    ok = loader(**kwds)
         ^^^^^^^^^^^^^^
/opt/hostedtoolcache/Python/3.12.13/x64/lib/python3.12/site-packages/passlib/handlers/bcrypt.py:626: in _load_backend_mixin
    return mixin_cls._finalize_backend_mixin(name, dryrun)
           ^^^^^^^^^^^^^^^^^^^^^^^^^^^^^^^^^^^^^^^^^^^^^^^
/opt/hostedtoolcache/Python/3.12.13/x64/lib/python3.12/site-packages/passlib/handlers/bcrypt.py:421: in _finalize_backend_mixin
    if detect_wrap_bug(IDENT_2A):
       ^^^^^^^^^^^^^^^^^^^^^^^^^
/opt/hostedtoolcache/Python/3.12.13/x64/lib/python3.12/site-packages/passlib/handlers/bcrypt.py:380: in detect_wrap_bug
    if verify(secret, bug_hash):
       ^^^^^^^^^^^^^^^^^^^^^^^^
/opt/hostedtoolcache/Python/3.12.13/x64/lib/python3.12/site-packages/passlib/utils/handlers.py:792: in verify
    return consteq(self._calc_checksum(secret), chk)
                   ^^^^^^^^^^^^^^^^^^^^^^^^^^^
_ _ _ _ _ _ _ _ _ _ _ _ _ _ _ _ _ _ _ _ _ _ _ _ _ _ _ _ _ _ _ _ _ _ _ _ _ _ _ _ 

self = <passlib.handlers.bcrypt._BcryptBackend object at 0x7f6437676ed0>
secret = b'01234567890123456789012345678901234567890123456789012345678901234567890123456789012345678901234567890123456789012345...7890123456789012345678901234567890123456789012345678901234567890123456789012345678901234567890123456789012345678901234'

    def _calc_checksum(self, secret):
        # bcrypt behavior:
        #   secret must be bytes
        #   config must be ascii bytes
        #   returns ascii bytes
        secret, ident = self._prepare_digest_args(secret)
        config = self._get_config(ident)
        if isinstance(config, unicode):
            config = config.encode("ascii")
>       hash = _bcrypt.hashpw(secret, config)
               ^^^^^^^^^^^^^^^^^^^^^^^^^^^^^^
E       ValueError: password cannot be longer than 72 bytes, truncate manually if necessary (e.g. my_password[:72])

/opt/hostedtoolcache/Python/3.12.13/x64/lib/python3.12/site-packages/passlib/handlers/bcrypt.py:655: ValueError
=========================== short test summary info ============================
FAILED tests/test_auth.py::test_register_success - ValueError: password cannot be longer than 72 bytes, truncate manually if necessary (e.g. my_password[:72])
ERROR tests/test_auth.py::test_register_duplicate_email - ValueError: password cannot be longer than 72 bytes, truncate manually if necessary (e.g. my_password[:72])
ERROR tests/test_auth.py::test_login_success - ValueError: password cannot be longer than 72 bytes, truncate manually if necessary (e.g. my_password[:72])
ERROR tests/test_auth.py::test_login_wrong_password - ValueError: password cannot be longer than 72 bytes, truncate manually if necessary (e.g. my_password[:72])
ERROR tests/test_auth.py::test_get_me_authenticated - ValueError: password cannot be longer than 72 bytes, truncate manually if necessary (e.g. my_password[:72])
ERROR tests/test_transactions.py::test_create_transaction_success - ValueError: password cannot be longer than 72 bytes, truncate manually if necessary (e.g. my_password[:72])
ERROR tests/test_transactions.py::test_list_transactions - ValueError: password cannot be longer than 72 bytes, truncate manually if necessary (e.g. my_password[:72])
ERROR tests/test_transactions.py::test_list_transactions_with_amount_filter - ValueError: password cannot be longer than 72 bytes, truncate manually if necessary (e.g. my_password[:72])
ERROR tests/test_transactions.py::test_get_transaction_detail - ValueError: password cannot be longer than 72 bytes, truncate manually if necessary (e.g. my_password[:72])
ERROR tests/test_transactions.py::test_customer_cannot_see_other_users_transactions - ValueError: password cannot be longer than 72 bytes, truncate manually if necessary (e.g. my_password[:72])
ERROR tests/test_transactions.py::test_update_status_analyst - ValueError: password cannot be longer than 72 bytes, truncate manually if necessary (e.g. my_password[:72])
ERROR tests/test_transactions.py::test_customer_cannot_update_status - ValueError: password cannot be longer than 72 bytes, truncate manually if necessary (e.g. my_password[:72])
ERROR tests/test_transactions.py::test_report_fraud - ValueError: password cannot be longer than 72 bytes, truncate manually if necessary (e.g. my_password[:72])
ERROR tests/test_transactions.py::test_get_transaction_stats - ValueError: password cannot be longer than 72 bytes, truncate manually if necessary (e.g. my_password[:72])
ERROR tests/test_users.py::test_list_users_admin - ValueError: password cannot be longer than 72 bytes, truncate manually if necessary (e.g. my_password[:72])
ERROR tests/test_users.py::test_list_users_non_admin_forbidden - ValueError: password cannot be longer than 72 bytes, truncate manually if necessary (e.g. my_password[:72])
==================== 1 failed, 1 passed, 15 errors in 4.61s ====================
